2025-07-31 15:35:35,081 : INFO : root : Loading config.
2025-07-31 15:35:35,088 : INFO : YamlMultifileConfigLoader : Machine config file #1: config.yaml
2025-07-31 15:35:35,089 : INFO : ConfigProcessor : Loading config from cache: /tmp/4763d64bc0fd3391e8de3eaed5dabb01.mpf_cache
2025-07-31 15:35:35,209 : DEBUG : YamlMultifileConfigLoader : Loading mode attract from /home/alex/.pyenv/versions/3.11.2/envs/mpf-env/lib/python3.11/site-packages/mpf/modes/attract/config/attract.yaml
2025-07-31 15:35:35,210 : INFO : ConfigProcessor : Loading config from cache: /tmp/3c03a7df752fd698a04f07fbf9fda746.mpf_cache
2025-07-31 15:35:35,211 : DEBUG : YamlMultifileConfigLoader : Loading mode game from /home/alex/.pyenv/versions/3.11.2/envs/mpf-env/lib/python3.11/site-packages/mpf/modes/game/config/game.yaml
2025-07-31 15:35:35,211 : INFO : ConfigProcessor : Loading config from cache: /tmp/944e9962837f7d6575136bbe01d07007.mpf_cache
2025-07-31 15:35:35,212 : INFO : Machine : Mission Pinball Framework Core Engine v0.57.3
2025-07-31 15:35:35,212 : INFO : Machine : Command line arguments: {'no_load_cache': False, 'create_config_cache': True, 'bcp': True, 'configfile': ['config.yaml'], 'force_assets_load': False, 'platform_integration_test': False, 'jsonlogging': False, 'logfile': 'logs/2025-07-31-15-35-35-mpf-clockworkpi.log', 'pause': False, 'production': False, 'text_ui': True, 'loglevel': 10, 'consoleloglevel': 20, 'force_platform': None, 'syslog_address': None, 'mc_file_name': None, 'no_sound': False}
2025-07-31 15:35:35,212 : INFO : Machine : MPF path: /home/alex/.pyenv/versions/3.11.2/envs/mpf-env/lib/python3.11/site-packages/mpf
2025-07-31 15:35:35,213 : INFO : Machine : Machine path: /home/alex/motu_pinball/media_controller
2025-07-31 15:35:35,213 : INFO : Machine : Platform: linux
2025-07-31 15:35:35,213 : INFO : Machine : Python executable location: /home/alex/.pyenv/versions/3.11.2/envs/mpf-env/bin/python
2025-07-31 15:35:35,213 : INFO : Machine : Python version: 3.11.2 (64-bit)
2025-07-31 15:35:35,214 : DEBUG : asyncio : Using selector: EpollSelector
2025-07-31 15:35:35,215 : INFO : Machine : Initializing MPF...
2025-07-31 15:35:35,277 : DEBUG : asciimatics.widgets.layout : Updating: None
2025-07-31 15:35:35,277 : DEBUG : asciimatics.widgets.layout : Updating: None
2025-07-31 15:35:35,277 : DEBUG : asciimatics.widgets.layout : Updating: None
2025-07-31 15:35:35,278 : DEBUG : asciimatics.widgets.layout : Updating: None
2025-07-31 15:35:35,278 : DEBUG : asciimatics.widgets.layout : Updating: None
2025-07-31 15:35:35,278 : DEBUG : asciimatics.widgets.layout : Updating: None
2025-07-31 15:35:35,278 : DEBUG : asciimatics.widgets.layout : Updating: None
2025-07-31 15:35:35,278 : DEBUG : asciimatics.widgets.layout : Updating: None
2025-07-31 15:35:35,278 : DEBUG : asciimatics.widgets.layout : Updating: None
2025-07-31 15:35:35,279 : DEBUG : asciimatics.widgets.layout : Updating: None
2025-07-31 15:35:35,279 : DEBUG : asciimatics.widgets.layout : Updating: None
2025-07-31 15:35:35,279 : DEBUG : asciimatics.widgets.layout : Updating: None
2025-07-31 15:35:35,279 : DEBUG : asciimatics.widgets.widget : Widget blur: <asciimatics.widgets.label.Label object at 0x7fa529c450>
2025-07-31 15:35:35,279 : DEBUG : asciimatics.widgets.widget : Widget blur: <asciimatics.widgets.label.Label object at 0x7fa50bdf20>
2025-07-31 15:35:35,280 : DEBUG : asciimatics.widgets.widget : Widget blur: <asciimatics.widgets.label.Label object at 0x7fa50bdff0>
2025-07-31 15:35:35,280 : DEBUG : asciimatics.widgets.layout : Blur: <asciimatics.widgets.layout.Layout object at 0x7fa50c97e0>
2025-07-31 15:35:35,280 : DEBUG : asciimatics.widgets.layout : Blur: <mpf.core.text_ui.MpfLayout object at 0x7fa535a9d0>
2025-07-31 15:35:35,280 : DEBUG : asciimatics.widgets.layout : Updating: None
2025-07-31 15:35:35,280 : DEBUG : asciimatics.widgets.layout : Updating: None
2025-07-31 15:35:35,280 : DEBUG : asciimatics.widgets.layout : Updating: None
2025-07-31 15:35:35,281 : DEBUG : asciimatics.widgets.layout : Updating: None
2025-07-31 15:35:35,281 : DEBUG : asciimatics.widgets.layout : Updating: None
2025-07-31 15:35:35,281 : DEBUG : asciimatics.widgets.layout : Updating: None
2025-07-31 15:35:35,281 : DEBUG : asciimatics.widgets.widget : Widget blur: <asciimatics.widgets.label.Label object at 0x7fa50be400>
2025-07-31 15:35:35,281 : DEBUG : asciimatics.widgets.widget : Widget blur: <asciimatics.widgets.label.Label object at 0x7fa50be330>
2025-07-31 15:35:35,281 : DEBUG : asciimatics.widgets.widget : Widget blur: <asciimatics.widgets.label.Label object at 0x7fa50be4d0>
2025-07-31 15:35:35,281 : DEBUG : asciimatics.widgets.widget : Widget blur: <asciimatics.widgets.label.Label object at 0x7fa50be260>
2025-07-31 15:35:35,282 : DEBUG : asciimatics.widgets.widget : Widget blur: <asciimatics.widgets.label.Label object at 0x7fa50be190>
2025-07-31 15:35:35,282 : DEBUG : asciimatics.widgets.widget : Widget blur: <asciimatics.widgets.label.Label object at 0x7fa50be0c0>
2025-07-31 15:35:35,282 : DEBUG : asciimatics.widgets.layout : Blur: <asciimatics.widgets.layout.Layout object at 0x7fa50c98a0>
2025-07-31 15:35:35,282 : DEBUG : asciimatics.widgets.layout : Focus: <asciimatics.widgets.layout.Layout object at 0x7fa50c97e0>
2025-07-31 15:35:35,282 : DEBUG : asciimatics.widgets.layout : Focus: <mpf.core.text_ui.MpfLayout object at 0x7fa535a9d0>
2025-07-31 15:35:35,283 : DEBUG : asciimatics.widgets.layout : Focus: <asciimatics.widgets.layout.Layout object at 0x7fa50c98a0>
2025-07-31 15:35:35,283 : DEBUG : asciimatics.widgets.frame : Cloning: Test
2025-07-31 15:35:35,283 : DEBUG : asciimatics.widgets.layout : Updating: None
2025-07-31 15:35:35,283 : DEBUG : asciimatics.widgets.layout : Updating: None
2025-07-31 15:35:35,283 : DEBUG : asciimatics.widgets.layout : Updating: None
2025-07-31 15:35:35,284 : DEBUG : asciimatics.widgets.layout : Updating: None
2025-07-31 15:35:35,284 : DEBUG : asciimatics.widgets.layout : Updating: None
2025-07-31 15:35:35,284 : DEBUG : asciimatics.widgets.layout : Updating: None
2025-07-31 15:35:35,284 : DEBUG : asciimatics.widgets.layout : Updating: None
2025-07-31 15:35:35,284 : DEBUG : asciimatics.widgets.layout : Updating: None
2025-07-31 15:35:35,284 : DEBUG : asciimatics.widgets.layout : Updating: None
2025-07-31 15:35:35,284 : DEBUG : asciimatics.widgets.layout : Updating: None
2025-07-31 15:35:35,284 : DEBUG : asciimatics.widgets.layout : Updating: None
2025-07-31 15:35:35,284 : DEBUG : asciimatics.widgets.layout : Updating: None
2025-07-31 15:35:35,285 : DEBUG : asciimatics.widgets.layout : Updating: None
2025-07-31 15:35:35,285 : DEBUG : asciimatics.widgets.layout : Updating: None
2025-07-31 15:35:35,285 : DEBUG : asciimatics.widgets.layout : Updating: None
2025-07-31 15:35:35,285 : DEBUG : asciimatics.widgets.layout : Updating: None
2025-07-31 15:35:35,286 : DEBUG : asciimatics.widgets.layout : Updating: None
2025-07-31 15:35:35,286 : DEBUG : asciimatics.widgets.layout : Updating: None
2025-07-31 15:35:35,332 : INFO : EventManager : Event: ======'machine_var_credits_string'====== Args={'value': 'FREE PLAY', 'prev_value': None, 'change': True}
2025-07-31 15:35:35,421 : INFO : EventManager : Event: ======'machine_var_master_volume'====== Args={'value': 0.5, 'prev_value': None, 'change': True}
2025-07-31 15:35:35,422 : INFO : EventManager : Event: ======'machine_var_mpf_version'====== Args={'value': 'Mission Pinball Framework v0.57.3', 'prev_value': None, 'change': True}
2025-07-31 15:35:35,422 : INFO : EventManager : Event: ======'machine_var_mpf_extended_version'====== Args={'value': 'Mission Pinball Framework v0.57.3, Config version:6, Show version: 6, BCP version:1.1', 'prev_value': None, 'change': True}
2025-07-31 15:35:35,422 : INFO : EventManager : Event: ======'machine_var_python_version'====== Args={'value': '3.11.2', 'prev_value': None, 'change': True}
2025-07-31 15:35:35,425 : INFO : EventManager : Event: ======'machine_var_platform'====== Args={'value': 'Linux-6.12.40-v8+-aarch64-with-glibc2.36', 'prev_value': None, 'change': True}
2025-07-31 15:35:35,425 : INFO : EventManager : Event: ======'machine_var_platform_system'====== Args={'value': 'Linux', 'prev_value': None, 'change': True}
2025-07-31 15:35:35,425 : INFO : EventManager : Event: ======'machine_var_platform_release'====== Args={'value': '6.12.40-v8+', 'prev_value': None, 'change': True}
2025-07-31 15:35:35,425 : INFO : EventManager : Event: ======'machine_var_platform_version'====== Args={'value': '#2 SMP PREEMPT Sun Jul 27 22:29:41 EDT 2025', 'prev_value': None, 'change': True}
2025-07-31 15:35:35,426 : INFO : EventManager : Event: ======'machine_var_platform_machine'====== Args={'value': 'aarch64', 'prev_value': None, 'change': True}
2025-07-31 15:35:35,426 : INFO : EventManager : Event: ======'init_phase_1'====== Args={}
2025-07-31 15:35:35,434 : DEBUG : ModeController : Loaded mode game
2025-07-31 15:35:35,438 : DEBUG : ModeController : Loaded mode attract
2025-07-31 15:35:35,442 : INFO : EventManager : Event: ======'init_phase_2'====== Args={}
2025-07-31 15:35:35,444 : INFO : EventManager : Event: ======'bcp_connection_attempt'====== Args={'name': 'local_display', 'host': 'localhost', 'port': 5050}
2025-07-31 15:35:35,447 : DEBUG : asciimatics.widgets.layout : Updating: message
2025-07-31 15:35:35,447 : DEBUG : asciimatics.widgets.layout : Updating: message
2025-07-31 15:35:35,447 : DEBUG : asciimatics.widgets.widget : Widget blur: <asciimatics.widgets.textbox.TextBox object at 0x7fa515cee0>
2025-07-31 15:35:35,448 : DEBUG : asciimatics.widgets.layout : Blur: <asciimatics.widgets.layout.Layout object at 0x7fa4feca60>
2025-07-31 15:35:35,448 : DEBUG : asciimatics.widgets.layout : Blur: <asciimatics.widgets.layout.Layout object at 0x7fa4fecac0>
2025-07-31 15:35:35,448 : DEBUG : asciimatics.widgets.layout : Focus: <asciimatics.widgets.layout.Layout object at 0x7fa4feca60>
2025-07-31 15:35:35,448 : DEBUG : asciimatics.widgets.layout : Focus: <asciimatics.widgets.layout.Layout object at 0x7fa4fecac0>
2025-07-31 15:35:35,448 : INFO : BCPClientSocket : Connecting BCP to 'local_display' at localhost:5050...
2025-07-31 15:35:39,782 : DEBUG : asciimatics.widgets.frame : New event: MouseEvent (36, 1) 0
2025-07-31 15:35:46,651 : INFO : Machine : Starting the main run loop with active modes: []
2025-07-31 15:35:46,651 : WARNING : Machine : Attract mode is not active, game will not be playable. Please check your attract mode configuration.
2025-07-31 15:35:46,652 : INFO : Machine : Shutting down...
2025-07-31 15:35:46,652 : INFO : EventManager : Event: ======'shutdown'====== Args={}
2025-07-31 15:35:47,657 : INFO : root : MPF run loop ended.
