{"timestamp": "2025-07-31T15:36:12.225.000000", "level": "INFO", "name": "root", "message": "Loading config.", "ident": "ServiceLog"}
{"timestamp": "2025-07-31T15:36:12.232.000000", "level": "INFO", "name": "YamlMultifileConfigLoader", "message": "Machine config file #1: config.yaml", "ident": "ServiceLog"}
{"timestamp": "2025-07-31T15:36:12.233.000000", "level": "INFO", "name": "ConfigProcessor", "message": "Loading config from cache: /tmp/4763d64bc0fd3391e8de3eaed5dabb01.mpf_cache", "ident": "ServiceLog"}
{"timestamp": "2025-07-31T15:36:12.360.000000", "level": "INFO", "name": "ConfigProcessor", "message": "Loading config from cache: /tmp/3c03a7df752fd698a04f07fbf9fda746.mpf_cache", "ident": "ServiceLog"}
{"timestamp": "2025-07-31T15:36:12.361.000000", "level": "INFO", "name": "ConfigProcessor", "message": "Loading config from cache: /tmp/944e9962837f7d6575136bbe01d07007.mpf_cache", "ident": "ServiceLog"}
{"timestamp": "2025-07-31T15:36:12.362.000000", "level": "INFO", "name": "Machine", "message": "Mission Pinball Framework Core Engine v0.57.3", "ident": "ServiceLog"}
{"timestamp": "2025-07-31T15:36:12.363.000000", "level": "INFO", "name": "Machine", "message": "Command line arguments: {'no_load_cache': False, 'create_config_cache': True, 'bcp': True, 'configfile': ['config.yaml'], 'force_assets_load': False, 'platform_integration_test': False, 'jsonlogging': True, 'logfile': 'logs/2025-07-31-15-36-12-mpf-clockworkpi.log', 'pause': False, 'production': False, 'text_ui': True, 'loglevel': 15, 'consoleloglevel': 20, 'force_platform': None, 'syslog_address': None, 'mc_file_name': None, 'no_sound': False}", "ident": "ServiceLog"}
{"timestamp": "2025-07-31T15:36:12.363.000000", "level": "INFO", "name": "Machine", "message": "MPF path: /home/alex/.pyenv/versions/3.11.2/envs/mpf-env/lib/python3.11/site-packages/mpf", "ident": "ServiceLog"}
{"timestamp": "2025-07-31T15:36:12.363.000000", "level": "INFO", "name": "Machine", "message": "Machine path: /home/alex/motu_pinball/media_controller", "ident": "ServiceLog"}
{"timestamp": "2025-07-31T15:36:12.363.000000", "level": "INFO", "name": "Machine", "message": "Platform: linux", "ident": "ServiceLog"}
{"timestamp": "2025-07-31T15:36:12.363.000000", "level": "INFO", "name": "Machine", "message": "Python executable location: /home/alex/.pyenv/versions/3.11.2/envs/mpf-env/bin/python", "ident": "ServiceLog"}
{"timestamp": "2025-07-31T15:36:12.363.000000", "level": "INFO", "name": "Machine", "message": "Python version: 3.11.2 (64-bit)", "ident": "ServiceLog"}
{"timestamp": "2025-07-31T15:36:12.366.000000", "level": "INFO", "name": "Machine", "message": "Initializing MPF...", "ident": "ServiceLog"}
{"timestamp": "2025-07-31T15:36:12.476.000000", "level": "INFO", "name": "EventManager", "message": "Event: ======'machine_var_credits_string'====== Args={'value': 'FREE PLAY', 'prev_value': None, 'change': True}", "ident": "ServiceLog"}
{"timestamp": "2025-07-31T15:36:12.570.000000", "level": "INFO", "name": "EventManager", "message": "Event: ======'machine_var_master_volume'====== Args={'value': 0.5, 'prev_value': None, 'change': True}", "ident": "ServiceLog"}
{"timestamp": "2025-07-31T15:36:12.570.000000", "level": "INFO", "name": "EventManager", "message": "Event: ======'machine_var_mpf_version'====== Args={'value': 'Mission Pinball Framework v0.57.3', 'prev_value': None, 'change': True}", "ident": "ServiceLog"}
{"timestamp": "2025-07-31T15:36:12.570.000000", "level": "INFO", "name": "EventManager", "message": "Event: ======'machine_var_mpf_extended_version'====== Args={'value': 'Mission Pinball Framework v0.57.3, Config version:6, Show version: 6, BCP version:1.1', 'prev_value': None, 'change': True}", "ident": "ServiceLog"}
{"timestamp": "2025-07-31T15:36:12.571.000000", "level": "INFO", "name": "EventManager", "message": "Event: ======'machine_var_python_version'====== Args={'value': '3.11.2', 'prev_value': None, 'change': True}", "ident": "ServiceLog"}
{"timestamp": "2025-07-31T15:36:12.574.000000", "level": "INFO", "name": "EventManager", "message": "Event: ======'machine_var_platform'====== Args={'value': 'Linux-6.12.40-v8+-aarch64-with-glibc2.36', 'prev_value': None, 'change': True}", "ident": "ServiceLog"}
{"timestamp": "2025-07-31T15:36:12.574.000000", "level": "INFO", "name": "EventManager", "message": "Event: ======'machine_var_platform_system'====== Args={'value': 'Linux', 'prev_value': None, 'change': True}", "ident": "ServiceLog"}
{"timestamp": "2025-07-31T15:36:12.574.000000", "level": "INFO", "name": "EventManager", "message": "Event: ======'machine_var_platform_release'====== Args={'value': '6.12.40-v8+', 'prev_value': None, 'change': True}", "ident": "ServiceLog"}
{"timestamp": "2025-07-31T15:36:12.575.000000", "level": "INFO", "name": "EventManager", "message": "Event: ======'machine_var_platform_version'====== Args={'value': '#2 SMP PREEMPT Sun Jul 27 22:29:41 EDT 2025', 'prev_value': None, 'change': True}", "ident": "ServiceLog"}
{"timestamp": "2025-07-31T15:36:12.575.000000", "level": "INFO", "name": "EventManager", "message": "Event: ======'machine_var_platform_machine'====== Args={'value': 'aarch64', 'prev_value': None, 'change': True}", "ident": "ServiceLog"}
{"timestamp": "2025-07-31T15:36:12.575.000000", "level": "INFO", "name": "EventManager", "message": "Event: ======'init_phase_1'====== Args={}", "ident": "ServiceLog"}
{"timestamp": "2025-07-31T15:36:12.589.000000", "level": "INFO", "name": "EventManager", "message": "Event: ======'init_phase_2'====== Args={}", "ident": "ServiceLog"}
{"timestamp": "2025-07-31T15:36:12.591.000000", "level": "INFO", "name": "EventManager", "message": "Event: ======'bcp_connection_attempt'====== Args={'name': 'local_display', 'host': 'localhost', 'port': 5050}", "ident": "ServiceLog"}
{"timestamp": "2025-07-31T15:36:12.594.000000", "level": "INFO", "name": "BCPClientSocket", "message": "Connecting BCP to 'local_display' at localhost:5050...", "ident": "ServiceLog"}
{"timestamp": "2025-07-31T15:36:16.260.000000", "level": "INFO", "name": "Machine", "message": "Starting the main run loop with active modes: []", "ident": "ServiceLog"}
{"timestamp": "2025-07-31T15:36:16.261.000000", "level": "WARNING", "name": "Machine", "message": "Attract mode is not active, game will not be playable. Please check your attract mode configuration.", "ident": "ServiceLog"}
{"timestamp": "2025-07-31T15:36:16.261.000000", "level": "INFO", "name": "Machine", "message": "Shutting down...", "ident": "ServiceLog"}
{"timestamp": "2025-07-31T15:36:16.262.000000", "level": "INFO", "name": "EventManager", "message": "Event: ======'shutdown'====== Args={}", "ident": "ServiceLog"}
{"timestamp": "2025-07-31T15:36:17.266.000000", "level": "INFO", "name": "root", "message": "MPF run loop ended.", "ident": "ServiceLog"}
