2025-07-31 18:30:23,972 : INFO : root : Loading config.
2025-07-31 18:30:23,980 : INFO : YamlMultifileConfigLoader : Machine config file #1: config.yaml
2025-07-31 18:30:23,980 : INFO : ConfigProcessor : Loading config from cache: /tmp/89fb2f41220dcaad2de9503362dbb776.mpf_cache
2025-07-31 18:30:24,121 : DEBUG : YamlMultifileConfigLoader : Loading mode attract from /home/alex/.pyenv/versions/3.11.2/envs/mpf-env/lib/python3.11/site-packages/mpf/modes/attract/config/attract.yaml
2025-07-31 18:30:24,122 : INFO : ConfigProcessor : Loading config from cache: /tmp/3c03a7df752fd698a04f07fbf9fda746.mpf_cache
2025-07-31 18:30:24,122 : DEBUG : YamlMultifileConfigLoader : Loading mode game from /home/alex/.pyenv/versions/3.11.2/envs/mpf-env/lib/python3.11/site-packages/mpf/modes/game/config/game.yaml
2025-07-31 18:30:24,123 : INFO : ConfigProcessor : Loading config from cache: /tmp/944e9962837f7d6575136bbe01d07007.mpf_cache
2025-07-31 18:30:24,124 : DEBUG : YamlMultifileConfigLoader : Loading mode attract from /home/alex/.pyenv/versions/3.11.2/envs/mpf-env/lib/python3.11/site-packages/mpf/modes/attract/config/attract.yaml
2025-07-31 18:30:24,125 : INFO : ConfigProcessor : Loading config from cache: /tmp/3c03a7df752fd698a04f07fbf9fda746.mpf_cache
2025-07-31 18:30:24,125 : DEBUG : YamlMultifileConfigLoader : Loading mode base from /home/alex/.pyenv/versions/3.11.2/envs/mpf-env/lib/python3.11/site-packages/mpf/modes/base/config/base.yaml
2025-07-31 18:30:24,126 : INFO : ConfigProcessor : Loading config from cache: /tmp/5e4c86a59abb831d5a42de1c3de70db7.mpf_cache
2025-07-31 18:30:24,127 : INFO : Machine : Mission Pinball Framework Core Engine v0.57.3
2025-07-31 18:30:24,127 : INFO : Machine : Command line arguments: {'no_load_cache': False, 'create_config_cache': True, 'bcp': True, 'configfile': ['config.yaml'], 'force_assets_load': False, 'platform_integration_test': False, 'jsonlogging': False, 'logfile': 'logs/2025-07-31-18-30-23-mpf-clockworkpi.log', 'pause': False, 'production': False, 'text_ui': True, 'loglevel': 10, 'consoleloglevel': 20, 'force_platform': None, 'syslog_address': None, 'mc_file_name': None, 'no_sound': False}
2025-07-31 18:30:24,128 : INFO : Machine : MPF path: /home/alex/.pyenv/versions/3.11.2/envs/mpf-env/lib/python3.11/site-packages/mpf
2025-07-31 18:30:24,128 : INFO : Machine : Machine path: /home/alex/motu_pinball
2025-07-31 18:30:24,128 : INFO : Machine : Platform: linux
2025-07-31 18:30:24,128 : INFO : Machine : Python executable location: /home/alex/.pyenv/versions/3.11.2/envs/mpf-env/bin/python
2025-07-31 18:30:24,128 : INFO : Machine : Python version: 3.11.2 (64-bit)
2025-07-31 18:30:24,130 : DEBUG : asyncio : Using selector: EpollSelector
2025-07-31 18:30:24,131 : INFO : Machine : Initializing MPF...
2025-07-31 18:30:24,140 : DEBUG : Virtual Platform : Configuring virtual hardware interface.
2025-07-31 18:30:24,199 : DEBUG : asciimatics.widgets.layout : Updating: None
2025-07-31 18:30:24,200 : DEBUG : asciimatics.widgets.layout : Updating: None
2025-07-31 18:30:24,200 : DEBUG : asciimatics.widgets.layout : Updating: None
2025-07-31 18:30:24,200 : DEBUG : asciimatics.widgets.layout : Updating: None
2025-07-31 18:30:24,200 : DEBUG : asciimatics.widgets.layout : Updating: None
2025-07-31 18:30:24,200 : DEBUG : asciimatics.widgets.layout : Updating: None
2025-07-31 18:30:24,200 : DEBUG : asciimatics.widgets.layout : Updating: None
2025-07-31 18:30:24,201 : DEBUG : asciimatics.widgets.layout : Updating: None
2025-07-31 18:30:24,201 : DEBUG : asciimatics.widgets.layout : Updating: None
2025-07-31 18:30:24,201 : DEBUG : asciimatics.widgets.layout : Updating: None
2025-07-31 18:30:24,201 : DEBUG : asciimatics.widgets.layout : Updating: None
2025-07-31 18:30:24,201 : DEBUG : asciimatics.widgets.layout : Updating: None
2025-07-31 18:30:24,202 : DEBUG : asciimatics.widgets.widget : Widget blur: <asciimatics.widgets.label.Label object at 0x7fb0317780>
2025-07-31 18:30:24,202 : DEBUG : asciimatics.widgets.widget : Widget blur: <asciimatics.widgets.label.Label object at 0x7fb0146400>
2025-07-31 18:30:24,202 : DEBUG : asciimatics.widgets.widget : Widget blur: <asciimatics.widgets.label.Label object at 0x7fb01464d0>
2025-07-31 18:30:24,202 : DEBUG : asciimatics.widgets.layout : Blur: <asciimatics.widgets.layout.Layout object at 0x7fb0155120>
2025-07-31 18:30:24,203 : DEBUG : asciimatics.widgets.layout : Blur: <mpf.core.text_ui.MpfLayout object at 0x7fb03af7d0>
2025-07-31 18:30:24,203 : DEBUG : asciimatics.widgets.layout : Updating: None
2025-07-31 18:30:24,203 : DEBUG : asciimatics.widgets.layout : Updating: None
2025-07-31 18:30:24,203 : DEBUG : asciimatics.widgets.layout : Updating: None
2025-07-31 18:30:24,203 : DEBUG : asciimatics.widgets.layout : Updating: None
2025-07-31 18:30:24,203 : DEBUG : asciimatics.widgets.layout : Updating: None
2025-07-31 18:30:24,203 : DEBUG : asciimatics.widgets.layout : Updating: None
2025-07-31 18:30:24,204 : DEBUG : asciimatics.widgets.widget : Widget blur: <asciimatics.widgets.label.Label object at 0x7fb01468e0>
2025-07-31 18:30:24,204 : DEBUG : asciimatics.widgets.widget : Widget blur: <asciimatics.widgets.label.Label object at 0x7fb0146810>
2025-07-31 18:30:24,204 : DEBUG : asciimatics.widgets.widget : Widget blur: <asciimatics.widgets.label.Label object at 0x7fb01469b0>
2025-07-31 18:30:24,204 : DEBUG : asciimatics.widgets.widget : Widget blur: <asciimatics.widgets.label.Label object at 0x7fb0146740>
2025-07-31 18:30:24,204 : DEBUG : asciimatics.widgets.widget : Widget blur: <asciimatics.widgets.label.Label object at 0x7fb0146670>
2025-07-31 18:30:24,204 : DEBUG : asciimatics.widgets.widget : Widget blur: <asciimatics.widgets.label.Label object at 0x7fb01465a0>
2025-07-31 18:30:24,204 : DEBUG : asciimatics.widgets.layout : Blur: <asciimatics.widgets.layout.Layout object at 0x7fb01551e0>
2025-07-31 18:30:24,205 : DEBUG : asciimatics.widgets.layout : Focus: <asciimatics.widgets.layout.Layout object at 0x7fb0155120>
2025-07-31 18:30:24,205 : DEBUG : asciimatics.widgets.layout : Focus: <mpf.core.text_ui.MpfLayout object at 0x7fb03af7d0>
2025-07-31 18:30:24,205 : DEBUG : asciimatics.widgets.layout : Focus: <asciimatics.widgets.layout.Layout object at 0x7fb01551e0>
2025-07-31 18:30:24,205 : DEBUG : asciimatics.widgets.frame : Cloning: Test
2025-07-31 18:30:24,206 : DEBUG : asciimatics.widgets.layout : Updating: None
2025-07-31 18:30:24,206 : DEBUG : asciimatics.widgets.layout : Updating: None
2025-07-31 18:30:24,206 : DEBUG : asciimatics.widgets.layout : Updating: None
2025-07-31 18:30:24,206 : DEBUG : asciimatics.widgets.layout : Updating: None
2025-07-31 18:30:24,206 : DEBUG : asciimatics.widgets.layout : Updating: None
2025-07-31 18:30:24,206 : DEBUG : asciimatics.widgets.layout : Updating: None
2025-07-31 18:30:24,206 : DEBUG : asciimatics.widgets.layout : Updating: None
2025-07-31 18:30:24,206 : DEBUG : asciimatics.widgets.layout : Updating: None
2025-07-31 18:30:24,207 : DEBUG : asciimatics.widgets.layout : Updating: None
2025-07-31 18:30:24,207 : DEBUG : asciimatics.widgets.layout : Updating: None
2025-07-31 18:30:24,207 : DEBUG : asciimatics.widgets.layout : Updating: None
2025-07-31 18:30:24,207 : DEBUG : asciimatics.widgets.layout : Updating: None
2025-07-31 18:30:24,207 : DEBUG : asciimatics.widgets.layout : Updating: None
2025-07-31 18:30:24,207 : DEBUG : asciimatics.widgets.layout : Updating: None
2025-07-31 18:30:24,208 : DEBUG : asciimatics.widgets.layout : Updating: None
2025-07-31 18:30:24,208 : DEBUG : asciimatics.widgets.layout : Updating: None
2025-07-31 18:30:24,208 : DEBUG : asciimatics.widgets.layout : Updating: None
2025-07-31 18:30:24,208 : DEBUG : asciimatics.widgets.layout : Updating: None
2025-07-31 18:30:24,251 : INFO : EventManager : Event: ======'machine_var_credits_string'====== Args={'value': 'FREE PLAY', 'prev_value': None, 'change': True}
2025-07-31 18:30:24,353 : INFO : EventManager : Event: ======'machine_var_master_volume'====== Args={'value': 0.5, 'prev_value': None, 'change': True}
2025-07-31 18:30:24,353 : INFO : EventManager : Event: ======'machine_var_mpf_version'====== Args={'value': 'Mission Pinball Framework v0.57.3', 'prev_value': None, 'change': True}
2025-07-31 18:30:24,353 : INFO : EventManager : Event: ======'machine_var_mpf_extended_version'====== Args={'value': 'Mission Pinball Framework v0.57.3, Config version:6, Show version: 6, BCP version:1.1', 'prev_value': None, 'change': True}
2025-07-31 18:30:24,353 : INFO : EventManager : Event: ======'machine_var_python_version'====== Args={'value': '3.11.2', 'prev_value': None, 'change': True}
2025-07-31 18:30:24,356 : INFO : EventManager : Event: ======'machine_var_platform'====== Args={'value': 'Linux-6.12.40-v8+-aarch64-with-glibc2.36', 'prev_value': None, 'change': True}
2025-07-31 18:30:24,357 : INFO : EventManager : Event: ======'machine_var_platform_system'====== Args={'value': 'Linux', 'prev_value': None, 'change': True}
2025-07-31 18:30:24,357 : INFO : EventManager : Event: ======'machine_var_platform_release'====== Args={'value': '6.12.40-v8+', 'prev_value': None, 'change': True}
2025-07-31 18:30:24,357 : INFO : EventManager : Event: ======'machine_var_platform_version'====== Args={'value': '#2 SMP PREEMPT Sun Jul 27 22:29:41 EDT 2025', 'prev_value': None, 'change': True}
2025-07-31 18:30:24,357 : INFO : EventManager : Event: ======'machine_var_platform_machine'====== Args={'value': 'aarch64', 'prev_value': None, 'change': True}
2025-07-31 18:30:24,358 : INFO : EventManager : Event: ======'init_phase_1'====== Args={}
2025-07-31 18:30:24,365 : DEBUG : ModeController : Loaded mode game
2025-07-31 18:30:24,369 : DEBUG : ModeController : Loaded mode attract
2025-07-31 18:30:24,371 : DEBUG : ModeController : Loaded mode base
2025-07-31 18:30:24,385 : INFO : EventManager : Event: ======'init_phase_2'====== Args={}
2025-07-31 18:30:24,394 : INFO : EventManager : Event: ======'bcp_connection_attempt'====== Args={'name': 'local_display', 'host': 'localhost', 'port': 5050}
2025-07-31 18:30:24,397 : DEBUG : asciimatics.widgets.layout : Updating: message
2025-07-31 18:30:24,397 : DEBUG : asciimatics.widgets.layout : Updating: message
2025-07-31 18:30:24,398 : DEBUG : asciimatics.widgets.widget : Widget blur: <asciimatics.widgets.textbox.TextBox object at 0x7fb01dd240>
2025-07-31 18:30:24,398 : DEBUG : asciimatics.widgets.layout : Blur: <asciimatics.widgets.layout.Layout object at 0x7fb00696c0>
2025-07-31 18:30:24,398 : DEBUG : asciimatics.widgets.layout : Blur: <asciimatics.widgets.layout.Layout object at 0x7fb0069720>
2025-07-31 18:30:24,398 : DEBUG : asciimatics.widgets.layout : Focus: <asciimatics.widgets.layout.Layout object at 0x7fb00696c0>
2025-07-31 18:30:24,398 : DEBUG : asciimatics.widgets.layout : Focus: <asciimatics.widgets.layout.Layout object at 0x7fb0069720>
2025-07-31 18:30:24,399 : INFO : BCPClientSocket : Connecting BCP to 'local_display' at localhost:5050...
2025-07-31 18:30:26,978 : INFO : BCPClientSocket : Connected BCP to 'local_display' localhost:5050
2025-07-31 18:30:26,979 : INFO : EventManager : Event: ======'bcp_clients_connected'====== Args={}
2025-07-31 18:30:26,982 : DEBUG : asciimatics.widgets.layout : Updating: None
2025-07-31 18:30:26,982 : DEBUG : asciimatics.widgets.layout : Updating: None
2025-07-31 18:30:26,983 : DEBUG : asciimatics.widgets.layout : Updating: None
2025-07-31 18:30:26,983 : DEBUG : asciimatics.widgets.layout : Updating: None
2025-07-31 18:30:26,983 : DEBUG : asciimatics.widgets.layout : Updating: None
2025-07-31 18:30:26,983 : DEBUG : asciimatics.widgets.layout : Updating: None
2025-07-31 18:30:26,983 : DEBUG : asciimatics.widgets.layout : Updating: None
2025-07-31 18:30:26,983 : DEBUG : asciimatics.widgets.layout : Updating: None
2025-07-31 18:30:26,983 : DEBUG : asciimatics.widgets.layout : Updating: None
2025-07-31 18:30:26,984 : DEBUG : asciimatics.widgets.layout : Updating: None
2025-07-31 18:30:26,984 : DEBUG : asciimatics.widgets.layout : Updating: None
2025-07-31 18:30:26,984 : DEBUG : asciimatics.widgets.layout : Updating: None
2025-07-31 18:30:26,984 : DEBUG : asciimatics.widgets.widget : Widget blur: <asciimatics.widgets.label.Label object at 0x7fb0090040>
2025-07-31 18:30:26,984 : DEBUG : asciimatics.widgets.widget : Widget blur: <asciimatics.widgets.label.Label object at 0x7fb0090110>
2025-07-31 18:30:26,984 : DEBUG : asciimatics.widgets.widget : Widget blur: <asciimatics.widgets.label.Label object at 0x7fb00901e0>
2025-07-31 18:30:26,985 : DEBUG : asciimatics.widgets.layout : Blur: <asciimatics.widgets.layout.Layout object at 0x7fb006a200>
2025-07-31 18:30:26,985 : DEBUG : asciimatics.widgets.layout : Blur: <mpf.core.text_ui.MpfLayout object at 0x7fb00a4850>
2025-07-31 18:30:26,985 : DEBUG : asciimatics.widgets.layout : Updating: None
2025-07-31 18:30:26,985 : DEBUG : asciimatics.widgets.layout : Updating: None
2025-07-31 18:30:26,985 : DEBUG : asciimatics.widgets.layout : Updating: None
2025-07-31 18:30:26,985 : DEBUG : asciimatics.widgets.layout : Updating: None
2025-07-31 18:30:26,985 : DEBUG : asciimatics.widgets.layout : Updating: None
2025-07-31 18:30:26,985 : DEBUG : asciimatics.widgets.layout : Updating: None
2025-07-31 18:30:26,986 : DEBUG : asciimatics.widgets.widget : Widget blur: <asciimatics.widgets.label.Label object at 0x7fb0090860>
2025-07-31 18:30:26,986 : DEBUG : asciimatics.widgets.widget : Widget blur: <asciimatics.widgets.label.Label object at 0x7fb0090790>
2025-07-31 18:30:26,986 : DEBUG : asciimatics.widgets.widget : Widget blur: <asciimatics.widgets.label.Label object at 0x7fb0090930>
2025-07-31 18:30:26,986 : DEBUG : asciimatics.widgets.widget : Widget blur: <asciimatics.widgets.label.Label object at 0x7fb00906c0>
2025-07-31 18:30:26,986 : DEBUG : asciimatics.widgets.widget : Widget blur: <asciimatics.widgets.label.Label object at 0x7fb00905f0>
2025-07-31 18:30:26,986 : DEBUG : asciimatics.widgets.widget : Widget blur: <asciimatics.widgets.label.Label object at 0x7fb00902b0>
2025-07-31 18:30:26,987 : DEBUG : asciimatics.widgets.layout : Blur: <asciimatics.widgets.layout.Layout object at 0x7fb006a380>
2025-07-31 18:30:26,987 : DEBUG : asciimatics.widgets.layout : Focus: <asciimatics.widgets.layout.Layout object at 0x7fb006a200>
2025-07-31 18:30:26,987 : DEBUG : asciimatics.widgets.layout : Focus: <mpf.core.text_ui.MpfLayout object at 0x7fb00a4850>
2025-07-31 18:30:26,987 : DEBUG : asciimatics.widgets.layout : Focus: <asciimatics.widgets.layout.Layout object at 0x7fb006a380>
2025-07-31 18:30:26,987 : DEBUG : asciimatics.widgets.frame : Cloning: Test
2025-07-31 18:30:26,987 : DEBUG : asciimatics.widgets.layout : Updating: None
2025-07-31 18:30:26,987 : DEBUG : asciimatics.widgets.layout : Updating: None
2025-07-31 18:30:26,988 : DEBUG : asciimatics.widgets.layout : Updating: None
2025-07-31 18:30:26,988 : DEBUG : asciimatics.widgets.layout : Updating: None
2025-07-31 18:30:26,988 : DEBUG : asciimatics.widgets.layout : Updating: None
2025-07-31 18:30:26,988 : DEBUG : asciimatics.widgets.layout : Updating: None
2025-07-31 18:30:26,988 : DEBUG : asciimatics.widgets.layout : Updating: None
2025-07-31 18:30:26,988 : DEBUG : asciimatics.widgets.layout : Updating: None
2025-07-31 18:30:26,988 : DEBUG : asciimatics.widgets.layout : Updating: None
2025-07-31 18:30:26,989 : DEBUG : asciimatics.widgets.layout : Updating: None
2025-07-31 18:30:26,989 : DEBUG : asciimatics.widgets.layout : Updating: None
2025-07-31 18:30:26,989 : DEBUG : asciimatics.widgets.layout : Updating: None
2025-07-31 18:30:26,989 : DEBUG : asciimatics.widgets.layout : Updating: None
2025-07-31 18:30:26,989 : DEBUG : asciimatics.widgets.layout : Updating: None
2025-07-31 18:30:26,989 : DEBUG : asciimatics.widgets.layout : Updating: None
2025-07-31 18:30:26,989 : DEBUG : asciimatics.widgets.layout : Updating: None
2025-07-31 18:30:26,990 : DEBUG : asciimatics.widgets.layout : Updating: None
2025-07-31 18:30:26,990 : DEBUG : asciimatics.widgets.layout : Updating: None
2025-07-31 18:30:26,995 : INFO : EventManager : Event: ======'machine_var_mc_version'====== Args={'value': 'MPF-MC v0.57.1', 'prev_value': None, 'change': True}
2025-07-31 18:30:26,996 : INFO : EventManager : Event: ======'machine_var_mc_extended_version'====== Args={'value': 'MPF-MC v0.57.1 (config_version=6, BCP v1.1,                      Requires MPF API compatibility v0.57.0 or newer)', 'prev_value': None, 'change': True}
2025-07-31 18:30:27,007 : INFO : ball_device.bd_start : BCH: Initial count: 0
2025-07-31 18:30:27,022 : INFO : ball_device.bd_start : State: idle
2025-07-31 18:30:27,028 : DEBUG : Machine : "info_lights:" section not found in machine configuration, so the InfoLights will not be used.
2025-07-31 18:30:27,030 : DEBUG : Machine : "switch_player:" section not found in machine configuration, so the SwitchPlayer will not be used.
2025-07-31 18:30:27,033 : DEBUG : Machine : "twitch_client:" section not found in machine configuration, so the TwitchBot will not be used.
2025-07-31 18:30:27,034 : DEBUG : Machine : "virtual_segment_display_connector:" section not found in machine configuration, so the VirtualSegmentDisplayConnector will not be used.
2025-07-31 18:30:27,034 : INFO : EventManager : Event: ======'init_phase_3'====== Args={}
2025-07-31 18:30:27,034 : DEBUG : ShowController : Loading show: flash
2025-07-31 18:30:27,036 : DEBUG : ShowController : Loading show: on
2025-07-31 18:30:27,036 : DEBUG : ShowController : Loading show: off
2025-07-31 18:30:27,037 : DEBUG : ShowController : Loading show: led_color
2025-07-31 18:30:27,038 : DEBUG : ShowController : Loading show: bl_color
2025-07-31 18:30:27,039 : DEBUG : ShowController : Loading show: flash_color
2025-07-31 18:30:27,040 : INFO : EventManager : Event: ======'init_phase_4'====== Args={}
2025-07-31 18:30:27,041 : INFO : BallController : Initial balls found: 0
2025-07-31 18:30:27,044 : INFO : EventManager : Event: ======'machine_var_audits_switches_s_start'====== Args={'value': 0, 'prev_value': None, 'change': True}
2025-07-31 18:30:27,045 : INFO : EventManager : Event: ======'machine_var_audits_events_game_started'====== Args={'value': 0, 'prev_value': None, 'change': True}
2025-07-31 18:30:27,046 : INFO : EventManager : Event: ======'machine_var_audits_events_game_ended'====== Args={'value': 0, 'prev_value': None, 'change': True}
2025-07-31 18:30:27,047 : INFO : EventManager : Event: ======'machine_var_audits_player_score'====== Args={'value': {'top': [], 'average': 0, 'total': 0}, 'prev_value': None, 'change': True}
2025-07-31 18:30:27,049 : INFO : EventManager : Event: ======'init_phase_5'====== Args={}
2025-07-31 18:30:27,050 : INFO : EventManager : Event: ======'init_done'====== Args={}
2025-07-31 18:30:27,050 : INFO : EventManager : Event: ======'machine_reset_phase_1'====== Args={}
2025-07-31 18:30:27,062 : INFO : EventManager : Event: ======'machine_reset_phase_2'====== Args={}
2025-07-31 18:30:27,062 : INFO : EventManager : Event: ======'machine_reset_phase_3'====== Args={}
2025-07-31 18:30:27,062 : INFO : EventManager : Event: ======'reset_complete'====== Args={}
2025-07-31 18:30:27,063 : INFO : EventManager : Event: ======'mode_attract_will_start'====== Args={}
2025-07-31 18:30:27,064 : INFO : EventManager : Event: ======'mode_attract_starting'====== Args={}
2025-07-31 18:30:27,064 : INFO : Mode.attract : Started. Priority: 10
2025-07-31 18:30:27,065 : INFO : EventManager : Event: ======'modes_active_modes_changed'====== Args={}
2025-07-31 18:30:27,065 : INFO : EventManager : Event: ======'mode_attract_started'====== Args={}
2025-07-31 18:30:27,066 : INFO : EventManager : Event: ======'collecting_balls_complete'====== Args={}
2025-07-31 18:30:27,067 : INFO : Machine : Starting the main run loop with active modes: [<Mode.attract>]
2025-07-31 18:30:35,199 : INFO : Machine : Shutting down...
2025-07-31 18:30:35,199 : INFO : EventManager : Event: ======'shutdown'====== Args={}
2025-07-31 18:30:35,202 : INFO : root : MPF run loop ended.
