2025-07-31 18:25:51,929 : kivy : Kivy: v2.2.1
2025-07-31 18:25:51,929 : kivy : Kivy: Installed at "/home/alex/.pyenv/versions/3.11.2/envs/mpf-env/lib/python3.11/site-packages/kivy/__init__.py"
2025-07-31 18:25:51,929 : kivy : Python: v3.11.2 (main, Jul 31 2025, 11:16:13) [GCC 12.2.0]
2025-07-31 18:25:51,930 : kivy : Python: Interpreter at "/home/alex/.pyenv/versions/3.11.2/envs/mpf-env/bin/python"
2025-07-31 18:25:51,962 : kivy : Factory: 190 symbols loaded
2025-07-31 18:25:52,746 : kivy : ImageLoaderFFPy: Using ffpyplayer 4.5.1
2025-07-31 18:25:52,746 : kivy : Image: Providers: img_tex, img_dds, img_sdl2, img_pil, img_ffpyplayer 
2025-07-31 18:25:53,273 : kivy : VideoFFPy: Using ffpyplayer 4.5.1
2025-07-31 18:25:53,273 : kivy : Video: Provider: ffpyplayer(['video_ffmpeg'] ignored)
2025-07-31 18:25:53,336 : root : Loading MPF-MC controller
2025-07-31 18:25:53,346 : YamlMultifileConfigLoader : Machine config file #1: config
2025-07-31 18:25:53,347 : ConfigProcessor : Config file in cache changed: /home/alex/motu_pinball/config/config
2025-07-31 18:25:53,347 : ConfigProcessor : Loading config from file /home/alex/.pyenv/versions/3.11.2/envs/mpf-env/lib/python3.11/site-packages/mpfmc/mcconfig.yaml.
2025-07-31 18:25:53,461 : ConfigProcessor : Loading config: /home/alex/.pyenv/versions/3.11.2/envs/mpf-env/lib/python3.11/site-packages/mpfmc/mcconfig.yaml
2025-07-31 18:25:53,462 : ConfigProcessor : Loading config from file /home/alex/motu_pinball/config/config.
2025-07-31 18:25:53,470 : ConfigProcessor : Loading config: /home/alex/motu_pinball/config/config
2025-07-31 18:25:53,500 : ConfigProcessor : Loading config: /home/alex/motu_pinball/config/machine.yaml
2025-07-31 18:25:53,503 : ConfigProcessor : Loading config: /home/alex/motu_pinball/config/game.yaml
2025-07-31 18:25:53,505 : ConfigProcessor : Loading config: /home/alex/motu_pinball/config/players.yaml
2025-07-31 18:25:53,509 : ConfigProcessor : Loading config: /home/alex/motu_pinball/config/widget_styles.yaml
2025-07-31 18:25:53,511 : ConfigProcessor : Config file cache created: /tmp/9bc0f4c2e44b5974877a91297e508cc7.mpf_cache
2025-07-31 18:25:53,512 : ConfigProcessor : Loading config from cache: /tmp/3c03a7df752fd698a04f07fbf9fda746.mpf_cache
2025-07-31 18:25:53,512 : ConfigProcessor : Loading config from cache: /tmp/944e9962837f7d6575136bbe01d07007.mpf_cache
2025-07-31 18:25:53,513 : ConfigProcessor : Loading config from cache: /tmp/3c03a7df752fd698a04f07fbf9fda746.mpf_cache
2025-07-31 18:25:53,513 : ConfigProcessor : Loading config from cache: /tmp/5e4c86a59abb831d5a42de1c3de70db7.mpf_cache
2025-07-31 18:25:53,513 : mpfmc : Mission Pinball Framework Media Controller (MPF-MC) v0.57.1. Requires MPF v0.57.0 or newer.
2025-07-31 18:25:53,514 : mpfmc : Found MPF v0.57.3
2025-07-31 18:25:53,514 : mpfmc : Machine path: /home/alex/motu_pinball
2025-07-31 18:25:53,514 : mpfmc : Starting clock at 60.0Hz
2025-07-31 18:25:53,533 : kivy : Text: Provider: sdl2
2025-07-31 18:25:53,608 : kivy : Window: Provider: sdl2
2025-07-31 18:25:54,068 : kivy : GL: Using the "OpenGL" graphics system
2025-07-31 18:25:54,069 : kivy : GL: Backend used <sdl2>
2025-07-31 18:25:54,069 : kivy : GL: OpenGL version <b'3.1 Mesa 24.2.8-1~bpo12+rpt3'>
2025-07-31 18:25:54,069 : kivy : GL: OpenGL vendor <b'Broadcom'>
2025-07-31 18:25:54,069 : kivy : GL: OpenGL renderer <b'V3D 4.2.14.0'>
2025-07-31 18:25:54,069 : kivy : GL: OpenGL parsed version: 3, 1
2025-07-31 18:25:54,069 : kivy : GL: Shading version <b'1.40'>
2025-07-31 18:25:54,069 : kivy : GL: Texture max size <4096>
2025-07-31 18:25:54,069 : kivy : GL: Texture max units <24>
2025-07-31 18:25:54,146 : kivy : Window: auto add sdl2 input provider
2025-07-31 18:25:54,146 : kivy : Window: virtual keyboard not allowed, single mode, not docked
2025-07-31 18:25:54,156 : SoundSystem : SoundSystem: Using default 'sound_system' settings
2025-07-31 18:25:54,245 : AudioInterface : Initialized
2025-07-31 18:25:54,245 : AudioInterface : Loaded SDL 2.26.5
2025-07-31 18:25:54,245 : AudioInterface : Loaded SDL_Mixer 2.6.2
2025-07-31 18:25:54,245 : AudioInterface : Loaded GStreamer 1.22.0.0
2025-07-31 18:25:54,245 : AudioInterface : Loaded GLib 2.74.6
2025-07-31 18:25:54,246 : AudioInterface : Settings requested - rate: 44100, channels: 1, buffer: 2048 samples
2025-07-31 18:25:54,246 : AudioInterface : Settings in use - rate: 44100, channels: 1, buffer: 2048 samples (4096 bytes @ 2 bytes per sample)
2025-07-31 18:25:54,246 : SoundSystem : No audio tracks are specified in your machine config file. a track named 'default' has been created.
2025-07-31 18:25:54,246 : SoundSystem : Setting master volume to 0.0
2025-07-31 18:25:54,246 : AudioInterface : Enabling audio playback
2025-07-31 18:25:54,309 : kivy : Base: Start application main loop
2025-07-31 18:25:54,310 : EventManager : Event: ======'display_window_initialized'====== Args={}
2025-07-31 18:25:54,318 : mpfmc : Display: Setting 'window' as default display
2025-07-31 18:25:54,336 : mpfmc : ASPECT RATIO MISMATCH: The on-screen window is not the same aspect ratio as the display called 'window'. The logical display will be scaled from 800x480 to the window size 800x600, and a black bar will make up the difference
2025-07-31 18:25:54,337 : EventManager : Event: ======'displays_initialized'====== Args={}
2025-07-31 18:25:54,341 : EventManager : Event: ======'slide_window_blank_created'====== Args={}
2025-07-31 18:25:54,341 : EventManager : Event: ======'display_window_ready'====== Args={}
2025-07-31 18:25:54,358 : EventManager : Event: ======'init_phase_1'====== Args={}
2025-07-31 18:25:54,368 : EventManager : Event: ======'mc_ready'====== Args={}
2025-07-31 18:25:54,369 : EventManager : Event: ======'init_phase_2'====== Args={}
2025-07-31 18:25:54,371 : EventManager : Event: ======'init_phase_3'====== Args={}
2025-07-31 18:25:54,372 : EventManager : Event: ======'init_phase_4'====== Args={}
2025-07-31 18:25:54,372 : EventManager : Event: ======'init_phase_5'====== Args={}
2025-07-31 18:25:54,372 : EventManager : Event: ======'init_done'====== Args={}
2025-07-31 18:25:54,373 : MPF-MC BCP Server : Starting up on localhost port 5050
2025-07-31 18:25:54,374 : MPF-MC BCP Server : Waiting for a connection...
2025-07-31 18:25:54,402 : EventManager : Event: ======'client_disconnected'====== Args={'host': '127.0.0.1', 'port': 5050}
2025-07-31 18:25:54,403 : MPF-MC BCP Server : Received connection from: 127.0.0.1:38566
2025-07-31 18:25:54,415 : EventManager : Event: ======'client_connected'====== Args={'host': '127.0.0.1', 'port': 38566}
2025-07-31 18:25:54,428 : EventManager : Event: ======'machine_var_credits_string'====== Args={'value': 'FREE PLAY', 'prev_value': None, 'change': True}
2025-07-31 18:25:54,428 : EventManager : Event: ======'machine_var_master_volume'====== Args={'value': 0.5, 'prev_value': None, 'change': True}
2025-07-31 18:25:54,428 : EventManager : Event: ======'machine_var_mpf_version'====== Args={'value': 'Mission Pinball Framework v0.57.3', 'prev_value': None, 'change': True}
2025-07-31 18:25:54,429 : SoundSystem : Setting master volume to 0.5
2025-07-31 18:25:54,440 : EventManager : Event: ======'machine_var_mpf_extended_version'====== Args={'value': 'Mission Pinball Framework v0.57.3, Config version:6, Show version: 6, BCP version:1.1', 'prev_value': None, 'change': True}
2025-07-31 18:25:54,440 : EventManager : Event: ======'machine_var_python_version'====== Args={'value': '3.11.2', 'prev_value': None, 'change': True}
2025-07-31 18:25:54,440 : EventManager : Event: ======'machine_var_platform'====== Args={'value': 'Linux-6.12.40-v8+-aarch64-with-glibc2.36', 'prev_value': None, 'change': True}
2025-07-31 18:25:54,440 : EventManager : Event: ======'machine_var_platform_system'====== Args={'value': 'Linux', 'prev_value': None, 'change': True}
2025-07-31 18:25:54,441 : EventManager : Event: ======'machine_var_platform_release'====== Args={'value': '6.12.40-v8+', 'prev_value': None, 'change': True}
2025-07-31 18:25:54,441 : EventManager : Event: ======'machine_var_platform_version'====== Args={'value': '#2 SMP PREEMPT Sun Jul 27 22:29:41 EDT 2025', 'prev_value': None, 'change': True}
2025-07-31 18:25:54,441 : EventManager : Event: ======'machine_var_platform_machine'====== Args={'value': 'aarch64', 'prev_value': None, 'change': True}
2025-07-31 18:25:54,441 : EventManager : Event: ======'machine_var_mc_version'====== Args={'value': 'MPF-MC v0.57.1', 'prev_value': None, 'change': True}
2025-07-31 18:25:54,441 : EventManager : Event: ======'machine_var_mc_extended_version'====== Args={'value': 'MPF-MC v0.57.1 (config_version=6, BCP v1.1,                      Requires MPF API compatibility v0.57.0 or newer)', 'prev_value': None, 'change': True}
2025-07-31 18:25:54,441 : EventManager : Event: ======'machine_var_credits_string'====== Args={'value': 'FREE PLAY', 'prev_value': None, 'change': True}
2025-07-31 18:25:54,441 : EventManager : Event: ======'machine_var_master_volume'====== Args={'value': 0.5, 'prev_value': None, 'change': True}
2025-07-31 18:25:54,442 : EventManager : Event: ======'machine_var_mpf_version'====== Args={'value': 'Mission Pinball Framework v0.57.3', 'prev_value': None, 'change': True}
2025-07-31 18:25:54,442 : EventManager : Event: ======'machine_var_mpf_extended_version'====== Args={'value': 'Mission Pinball Framework v0.57.3, Config version:6, Show version: 6, BCP version:1.1', 'prev_value': None, 'change': True}
2025-07-31 18:25:54,442 : EventManager : Event: ======'machine_var_python_version'====== Args={'value': '3.11.2', 'prev_value': None, 'change': True}
2025-07-31 18:25:54,442 : EventManager : Event: ======'machine_var_platform'====== Args={'value': 'Linux-6.12.40-v8+-aarch64-with-glibc2.36', 'prev_value': None, 'change': True}
2025-07-31 18:25:54,442 : EventManager : Event: ======'machine_var_platform_system'====== Args={'value': 'Linux', 'prev_value': None, 'change': True}
2025-07-31 18:25:54,442 : EventManager : Event: ======'machine_var_platform_release'====== Args={'value': '6.12.40-v8+', 'prev_value': None, 'change': True}
2025-07-31 18:25:54,442 : EventManager : Event: ======'machine_var_platform_version'====== Args={'value': '#2 SMP PREEMPT Sun Jul 27 22:29:41 EDT 2025', 'prev_value': None, 'change': True}
2025-07-31 18:25:54,443 : EventManager : Event: ======'machine_var_platform_machine'====== Args={'value': 'aarch64', 'prev_value': None, 'change': True}
2025-07-31 18:25:54,443 : EventManager : Event: ======'machine_var_mc_version'====== Args={'value': 'MPF-MC v0.57.1', 'prev_value': None, 'change': True}
2025-07-31 18:25:54,443 : EventManager : Event: ======'machine_var_mc_extended_version'====== Args={'value': 'MPF-MC v0.57.1 (config_version=6, BCP v1.1,                      Requires MPF API compatibility v0.57.0 or newer)', 'prev_value': None, 'change': True}
2025-07-31 18:25:54,443 : EventManager : Event: ======'machine_var_credits_string'====== Args={'value': 'FREE PLAY', 'prev_value': None, 'change': True}
2025-07-31 18:25:54,444 : EventManager : Event: ======'machine_var_master_volume'====== Args={'value': 0.5, 'prev_value': None, 'change': True}
2025-07-31 18:25:54,445 : EventManager : Event: ======'machine_var_mpf_version'====== Args={'value': 'Mission Pinball Framework v0.57.3', 'prev_value': None, 'change': True}
2025-07-31 18:25:54,445 : EventManager : Event: ======'machine_var_mpf_extended_version'====== Args={'value': 'Mission Pinball Framework v0.57.3, Config version:6, Show version: 6, BCP version:1.1', 'prev_value': None, 'change': True}
2025-07-31 18:25:54,445 : EventManager : Event: ======'machine_var_python_version'====== Args={'value': '3.11.2', 'prev_value': None, 'change': True}
2025-07-31 18:25:54,446 : EventManager : Event: ======'machine_var_platform'====== Args={'value': 'Linux-6.12.40-v8+-aarch64-with-glibc2.36', 'prev_value': None, 'change': True}
2025-07-31 18:25:54,446 : EventManager : Event: ======'machine_var_platform_system'====== Args={'value': 'Linux', 'prev_value': None, 'change': True}
2025-07-31 18:25:54,446 : EventManager : Event: ======'machine_var_platform_release'====== Args={'value': '6.12.40-v8+', 'prev_value': None, 'change': True}
2025-07-31 18:25:54,446 : EventManager : Event: ======'machine_var_platform_version'====== Args={'value': '#2 SMP PREEMPT Sun Jul 27 22:29:41 EDT 2025', 'prev_value': None, 'change': True}
2025-07-31 18:25:54,447 : EventManager : Event: ======'machine_var_platform_machine'====== Args={'value': 'aarch64', 'prev_value': None, 'change': True}
2025-07-31 18:25:54,447 : EventManager : Event: ======'machine_var_mc_version'====== Args={'value': 'MPF-MC v0.57.1', 'prev_value': None, 'change': True}
2025-07-31 18:25:54,447 : EventManager : Event: ======'machine_var_mc_extended_version'====== Args={'value': 'MPF-MC v0.57.1 (config_version=6, BCP v1.1,                      Requires MPF API compatibility v0.57.0 or newer)', 'prev_value': None, 'change': True}
2025-07-31 18:25:54,447 : EventManager : Event: ======'machine_var_credits_string'====== Args={'value': 'FREE PLAY', 'prev_value': None, 'change': True}
2025-07-31 18:25:54,447 : EventManager : Event: ======'machine_var_master_volume'====== Args={'value': 0.5, 'prev_value': None, 'change': True}
2025-07-31 18:25:54,448 : EventManager : Event: ======'machine_var_mpf_version'====== Args={'value': 'Mission Pinball Framework v0.57.3', 'prev_value': None, 'change': True}
2025-07-31 18:25:54,448 : EventManager : Event: ======'machine_var_mpf_extended_version'====== Args={'value': 'Mission Pinball Framework v0.57.3, Config version:6, Show version: 6, BCP version:1.1', 'prev_value': None, 'change': True}
2025-07-31 18:25:54,448 : EventManager : Event: ======'machine_var_python_version'====== Args={'value': '3.11.2', 'prev_value': None, 'change': True}
2025-07-31 18:25:54,448 : EventManager : Event: ======'machine_var_platform'====== Args={'value': 'Linux-6.12.40-v8+-aarch64-with-glibc2.36', 'prev_value': None, 'change': True}
2025-07-31 18:25:54,448 : EventManager : Event: ======'machine_var_platform_system'====== Args={'value': 'Linux', 'prev_value': None, 'change': True}
2025-07-31 18:25:54,448 : EventManager : Event: ======'machine_var_platform_release'====== Args={'value': '6.12.40-v8+', 'prev_value': None, 'change': True}
2025-07-31 18:25:54,448 : EventManager : Event: ======'machine_var_platform_version'====== Args={'value': '#2 SMP PREEMPT Sun Jul 27 22:29:41 EDT 2025', 'prev_value': None, 'change': True}
2025-07-31 18:25:54,448 : EventManager : Event: ======'machine_var_platform_machine'====== Args={'value': 'aarch64', 'prev_value': None, 'change': True}
2025-07-31 18:25:54,449 : EventManager : Event: ======'machine_var_mc_version'====== Args={'value': 'MPF-MC v0.57.1', 'prev_value': None, 'change': True}
2025-07-31 18:25:54,449 : EventManager : Event: ======'machine_var_mc_extended_version'====== Args={'value': 'MPF-MC v0.57.1 (config_version=6, BCP v1.1,                      Requires MPF API compatibility v0.57.0 or newer)', 'prev_value': None, 'change': True}
2025-07-31 18:25:54,449 : SoundSystem : Setting master volume to 0.5
2025-07-31 18:25:54,449 : SoundSystem : Setting master volume to 0.5
2025-07-31 18:25:54,449 : SoundSystem : Setting master volume to 0.5
2025-07-31 18:25:54,488 : EventManager : Event: ======'machine_var_audits_switches_s_start'====== Args={'value': 0, 'prev_value': None, 'change': True}
2025-07-31 18:25:54,488 : EventManager : Event: ======'machine_var_audits_events_game_started'====== Args={'value': 0, 'prev_value': None, 'change': True}
2025-07-31 18:25:54,488 : EventManager : Event: ======'machine_var_audits_events_game_ended'====== Args={'value': 0, 'prev_value': None, 'change': True}
2025-07-31 18:25:54,488 : EventManager : Event: ======'machine_var_audits_player_score'====== Args={'value': {'top': [], 'average': 0, 'total': 0}, 'prev_value': None, 'change': True}
2025-07-31 18:25:54,488 : EventManager : Event: ======'mc_reset_phase_1'====== Args={}
2025-07-31 18:25:54,489 : EventManager : Event: ======'mc_reset_phase_2'====== Args={}
2025-07-31 18:25:54,489 : EventManager : Event: ======'mc_reset_phase_3'====== Args={}
2025-07-31 18:25:54,489 : EventManager : Event: ======'mc_reset_complete'====== Args={}
2025-07-31 18:26:51,591 : kivy : Base: Leaving application in progress...
2025-07-31 18:26:51,592 : mpfmc : Stopping...
2025-07-31 18:26:51,592 : EventManager : Event: ======'shutdown'====== Args={}
2025-07-31 18:26:51,593 : AudioInterface : Disabling audio playback
2025-07-31 18:26:51,711 : mpfmc : Loop rate 80.13 Hz
2025-07-31 18:26:51,712 : root : MC run loop ended.
2025-07-31 18:26:51,712 : root : Stopping child threads... (3 remaining)
2025-07-31 18:26:51,822 : mpfmc : Stopping...
2025-07-31 18:26:51,822 : EventManager : Event: ======'shutdown'====== Args={}
2025-07-31 18:26:51,822 : mpfmc : Loop rate 79.97 Hz
2025-07-31 18:26:51,834 : MPF-MC BCP Server : Stopping BCP sending thread
2025-07-31 18:26:52,314 : root : All child threads stopped.
