2025-07-31 18:24:46,051 : INFO : root : Loading config.
2025-07-31 18:24:46,059 : INFO : YamlMultifileConfigLoader : Machine config file #1: config.yaml
2025-07-31 18:24:46,060 : INFO : ConfigProcessor : Loading config from cache: /tmp/89fb2f41220dcaad2de9503362dbb776.mpf_cache
2025-07-31 18:24:46,200 : DEBUG : YamlMultifileConfigLoader : Loading mode attract from /home/alex/.pyenv/versions/3.11.2/envs/mpf-env/lib/python3.11/site-packages/mpf/modes/attract/config/attract.yaml
2025-07-31 18:24:46,201 : INFO : ConfigProcessor : Loading config from cache: /tmp/3c03a7df752fd698a04f07fbf9fda746.mpf_cache
2025-07-31 18:24:46,202 : DEBUG : YamlMultifileConfigLoader : Loading mode game from /home/alex/.pyenv/versions/3.11.2/envs/mpf-env/lib/python3.11/site-packages/mpf/modes/game/config/game.yaml
2025-07-31 18:24:46,203 : INFO : ConfigProcessor : Loading config from cache: /tmp/944e9962837f7d6575136bbe01d07007.mpf_cache
2025-07-31 18:24:46,203 : DEBUG : YamlMultifileConfigLoader : Loading mode attract from /home/alex/.pyenv/versions/3.11.2/envs/mpf-env/lib/python3.11/site-packages/mpf/modes/attract/config/attract.yaml
2025-07-31 18:24:46,204 : INFO : ConfigProcessor : Loading config from cache: /tmp/3c03a7df752fd698a04f07fbf9fda746.mpf_cache
2025-07-31 18:24:46,204 : DEBUG : YamlMultifileConfigLoader : Loading mode base from /home/alex/.pyenv/versions/3.11.2/envs/mpf-env/lib/python3.11/site-packages/mpf/modes/base/config/base.yaml
2025-07-31 18:24:46,205 : INFO : ConfigProcessor : Loading config from cache: /tmp/5e4c86a59abb831d5a42de1c3de70db7.mpf_cache
2025-07-31 18:24:46,206 : INFO : Machine : Mission Pinball Framework Core Engine v0.57.3
2025-07-31 18:24:46,206 : INFO : Machine : Command line arguments: {'no_load_cache': False, 'create_config_cache': True, 'bcp': True, 'configfile': ['config.yaml'], 'force_assets_load': False, 'platform_integration_test': False, 'jsonlogging': False, 'logfile': 'logs/2025-07-31-18-24-46-mpf-clockworkpi.log', 'pause': False, 'production': False, 'text_ui': True, 'loglevel': 10, 'consoleloglevel': 20, 'force_platform': 'smart_virtual', 'syslog_address': None, 'mc_file_name': None, 'no_sound': False}
2025-07-31 18:24:46,206 : INFO : Machine : MPF path: /home/alex/.pyenv/versions/3.11.2/envs/mpf-env/lib/python3.11/site-packages/mpf
2025-07-31 18:24:46,207 : INFO : Machine : Machine path: /home/alex/motu_pinball
2025-07-31 18:24:46,207 : INFO : Machine : Platform: linux
2025-07-31 18:24:46,207 : INFO : Machine : Python executable location: /home/alex/.pyenv/versions/3.11.2/envs/mpf-env/bin/python
2025-07-31 18:24:46,207 : INFO : Machine : Python version: 3.11.2 (64-bit)
2025-07-31 18:24:46,209 : DEBUG : asyncio : Using selector: EpollSelector
2025-07-31 18:24:46,210 : INFO : Machine : Initializing MPF...
2025-07-31 18:24:46,280 : DEBUG : asciimatics.widgets.layout : Updating: None
2025-07-31 18:24:46,280 : DEBUG : asciimatics.widgets.layout : Updating: None
2025-07-31 18:24:46,280 : DEBUG : asciimatics.widgets.layout : Updating: None
2025-07-31 18:24:46,280 : DEBUG : asciimatics.widgets.layout : Updating: None
2025-07-31 18:24:46,281 : DEBUG : asciimatics.widgets.layout : Updating: None
2025-07-31 18:24:46,281 : DEBUG : asciimatics.widgets.layout : Updating: None
2025-07-31 18:24:46,281 : DEBUG : asciimatics.widgets.layout : Updating: None
2025-07-31 18:24:46,281 : DEBUG : asciimatics.widgets.layout : Updating: None
2025-07-31 18:24:46,281 : DEBUG : asciimatics.widgets.layout : Updating: None
2025-07-31 18:24:46,282 : DEBUG : asciimatics.widgets.layout : Updating: None
2025-07-31 18:24:46,283 : DEBUG : asciimatics.widgets.layout : Updating: None
2025-07-31 18:24:46,283 : DEBUG : asciimatics.widgets.layout : Updating: None
2025-07-31 18:24:46,283 : DEBUG : asciimatics.widgets.widget : Widget blur: <asciimatics.widgets.label.Label object at 0x7faa165630>
2025-07-31 18:24:46,284 : DEBUG : asciimatics.widgets.widget : Widget blur: <asciimatics.widgets.label.Label object at 0x7faa087100>
2025-07-31 18:24:46,284 : DEBUG : asciimatics.widgets.widget : Widget blur: <asciimatics.widgets.label.Label object at 0x7faa0871d0>
2025-07-31 18:24:46,284 : DEBUG : asciimatics.widgets.layout : Blur: <asciimatics.widgets.layout.Layout object at 0x7faa07f400>
2025-07-31 18:24:46,285 : DEBUG : asciimatics.widgets.layout : Blur: <mpf.core.text_ui.MpfLayout object at 0x7faa0ac350>
2025-07-31 18:24:46,286 : DEBUG : asciimatics.widgets.layout : Updating: None
2025-07-31 18:24:46,287 : DEBUG : asciimatics.widgets.layout : Updating: None
2025-07-31 18:24:46,287 : DEBUG : asciimatics.widgets.layout : Updating: None
2025-07-31 18:24:46,288 : DEBUG : asciimatics.widgets.layout : Updating: None
2025-07-31 18:24:46,288 : DEBUG : asciimatics.widgets.layout : Updating: None
2025-07-31 18:24:46,292 : DEBUG : asciimatics.widgets.layout : Updating: None
2025-07-31 18:24:46,293 : DEBUG : asciimatics.widgets.widget : Widget blur: <asciimatics.widgets.label.Label object at 0x7faa0875e0>
2025-07-31 18:24:46,293 : DEBUG : asciimatics.widgets.widget : Widget blur: <asciimatics.widgets.label.Label object at 0x7faa087510>
2025-07-31 18:24:46,294 : DEBUG : asciimatics.widgets.widget : Widget blur: <asciimatics.widgets.label.Label object at 0x7faa0876b0>
2025-07-31 18:24:46,294 : DEBUG : asciimatics.widgets.widget : Widget blur: <asciimatics.widgets.label.Label object at 0x7faa087440>
2025-07-31 18:24:46,294 : DEBUG : asciimatics.widgets.widget : Widget blur: <asciimatics.widgets.label.Label object at 0x7faa087370>
2025-07-31 18:24:46,295 : DEBUG : asciimatics.widgets.widget : Widget blur: <asciimatics.widgets.label.Label object at 0x7faa0872a0>
2025-07-31 18:24:46,295 : DEBUG : asciimatics.widgets.layout : Blur: <asciimatics.widgets.layout.Layout object at 0x7faa07f4c0>
2025-07-31 18:24:46,295 : DEBUG : asciimatics.widgets.layout : Focus: <asciimatics.widgets.layout.Layout object at 0x7faa07f400>
2025-07-31 18:24:46,296 : DEBUG : asciimatics.widgets.layout : Focus: <mpf.core.text_ui.MpfLayout object at 0x7faa0ac350>
2025-07-31 18:24:46,296 : DEBUG : asciimatics.widgets.layout : Focus: <asciimatics.widgets.layout.Layout object at 0x7faa07f4c0>
2025-07-31 18:24:46,297 : DEBUG : asciimatics.widgets.frame : Cloning: Test
2025-07-31 18:24:46,298 : DEBUG : asciimatics.widgets.layout : Updating: None
2025-07-31 18:24:46,298 : DEBUG : asciimatics.widgets.layout : Updating: None
2025-07-31 18:24:46,298 : DEBUG : asciimatics.widgets.layout : Updating: None
2025-07-31 18:24:46,299 : DEBUG : asciimatics.widgets.layout : Updating: None
2025-07-31 18:24:46,299 : DEBUG : asciimatics.widgets.layout : Updating: None
2025-07-31 18:24:46,299 : DEBUG : asciimatics.widgets.layout : Updating: None
2025-07-31 18:24:46,300 : DEBUG : asciimatics.widgets.layout : Updating: None
2025-07-31 18:24:46,300 : DEBUG : asciimatics.widgets.layout : Updating: None
2025-07-31 18:24:46,300 : DEBUG : asciimatics.widgets.layout : Updating: None
2025-07-31 18:24:46,301 : DEBUG : asciimatics.widgets.layout : Updating: None
2025-07-31 18:24:46,301 : DEBUG : asciimatics.widgets.layout : Updating: None
2025-07-31 18:24:46,302 : DEBUG : asciimatics.widgets.layout : Updating: None
2025-07-31 18:24:46,302 : DEBUG : asciimatics.widgets.layout : Updating: None
2025-07-31 18:24:46,302 : DEBUG : asciimatics.widgets.layout : Updating: None
2025-07-31 18:24:46,303 : DEBUG : asciimatics.widgets.layout : Updating: None
2025-07-31 18:24:46,303 : DEBUG : asciimatics.widgets.layout : Updating: None
2025-07-31 18:24:46,304 : DEBUG : asciimatics.widgets.layout : Updating: None
2025-07-31 18:24:46,306 : DEBUG : asciimatics.widgets.layout : Updating: None
2025-07-31 18:24:46,344 : INFO : EventManager : Event: ======'machine_var_credits_string'====== Args={'value': 'FREE PLAY', 'prev_value': None, 'change': True}
2025-07-31 18:24:46,443 : INFO : EventManager : Event: ======'machine_var_master_volume'====== Args={'value': 0.5, 'prev_value': None, 'change': True}
2025-07-31 18:24:46,443 : INFO : EventManager : Event: ======'machine_var_mpf_version'====== Args={'value': 'Mission Pinball Framework v0.57.3', 'prev_value': None, 'change': True}
2025-07-31 18:24:46,443 : INFO : EventManager : Event: ======'machine_var_mpf_extended_version'====== Args={'value': 'Mission Pinball Framework v0.57.3, Config version:6, Show version: 6, BCP version:1.1', 'prev_value': None, 'change': True}
2025-07-31 18:24:46,443 : INFO : EventManager : Event: ======'machine_var_python_version'====== Args={'value': '3.11.2', 'prev_value': None, 'change': True}
2025-07-31 18:24:46,447 : INFO : EventManager : Event: ======'machine_var_platform'====== Args={'value': 'Linux-6.12.40-v8+-aarch64-with-glibc2.36', 'prev_value': None, 'change': True}
2025-07-31 18:24:46,447 : INFO : EventManager : Event: ======'machine_var_platform_system'====== Args={'value': 'Linux', 'prev_value': None, 'change': True}
2025-07-31 18:24:46,448 : INFO : EventManager : Event: ======'machine_var_platform_release'====== Args={'value': '6.12.40-v8+', 'prev_value': None, 'change': True}
2025-07-31 18:24:46,448 : INFO : EventManager : Event: ======'machine_var_platform_version'====== Args={'value': '#2 SMP PREEMPT Sun Jul 27 22:29:41 EDT 2025', 'prev_value': None, 'change': True}
2025-07-31 18:24:46,448 : INFO : EventManager : Event: ======'machine_var_platform_machine'====== Args={'value': 'aarch64', 'prev_value': None, 'change': True}
2025-07-31 18:24:46,448 : INFO : EventManager : Event: ======'init_phase_1'====== Args={}
2025-07-31 18:24:46,451 : DEBUG : ModeController : Loaded mode base
2025-07-31 18:24:46,456 : DEBUG : ModeController : Loaded mode attract
2025-07-31 18:24:46,462 : DEBUG : ModeController : Loaded mode game
2025-07-31 18:24:46,478 : INFO : EventManager : Event: ======'init_phase_2'====== Args={}
2025-07-31 18:24:46,482 : INFO : EventManager : Event: ======'bcp_connection_attempt'====== Args={'name': 'local_display', 'host': 'localhost', 'port': 5050}
2025-07-31 18:24:46,485 : DEBUG : asciimatics.widgets.layout : Updating: message
2025-07-31 18:24:46,485 : DEBUG : asciimatics.widgets.layout : Updating: message
2025-07-31 18:24:46,485 : DEBUG : asciimatics.widgets.widget : Widget blur: <asciimatics.widgets.textbox.TextBox object at 0x7faa0f57e0>
2025-07-31 18:24:46,486 : DEBUG : asciimatics.widgets.layout : Blur: <asciimatics.widgets.layout.Layout object at 0x7fa9ec3520>
2025-07-31 18:24:46,486 : DEBUG : asciimatics.widgets.layout : Blur: <asciimatics.widgets.layout.Layout object at 0x7fa9ec3580>
2025-07-31 18:24:46,486 : DEBUG : asciimatics.widgets.layout : Focus: <asciimatics.widgets.layout.Layout object at 0x7fa9ec3520>
2025-07-31 18:24:46,486 : DEBUG : asciimatics.widgets.layout : Focus: <asciimatics.widgets.layout.Layout object at 0x7fa9ec3580>
2025-07-31 18:24:46,486 : INFO : BCPClientSocket : Connecting BCP to 'local_display' at localhost:5050...
2025-07-31 18:24:49,067 : INFO : BCPClientSocket : Connected BCP to 'local_display' localhost:5050
2025-07-31 18:24:49,068 : INFO : EventManager : Event: ======'bcp_clients_connected'====== Args={}
2025-07-31 18:24:49,071 : DEBUG : asciimatics.widgets.layout : Updating: None
2025-07-31 18:24:49,071 : DEBUG : asciimatics.widgets.layout : Updating: None
2025-07-31 18:24:49,071 : DEBUG : asciimatics.widgets.layout : Updating: None
2025-07-31 18:24:49,071 : DEBUG : asciimatics.widgets.layout : Updating: None
2025-07-31 18:24:49,072 : DEBUG : asciimatics.widgets.layout : Updating: None
2025-07-31 18:24:49,072 : DEBUG : asciimatics.widgets.layout : Updating: None
2025-07-31 18:24:49,072 : DEBUG : asciimatics.widgets.layout : Updating: None
2025-07-31 18:24:49,072 : DEBUG : asciimatics.widgets.layout : Updating: None
2025-07-31 18:24:49,072 : DEBUG : asciimatics.widgets.layout : Updating: None
2025-07-31 18:24:49,072 : DEBUG : asciimatics.widgets.layout : Updating: None
2025-07-31 18:24:49,073 : DEBUG : asciimatics.widgets.layout : Updating: None
2025-07-31 18:24:49,073 : DEBUG : asciimatics.widgets.layout : Updating: None
2025-07-31 18:24:49,073 : DEBUG : asciimatics.widgets.widget : Widget blur: <asciimatics.widgets.label.Label object at 0x7fa9ed8ad0>
2025-07-31 18:24:49,073 : DEBUG : asciimatics.widgets.widget : Widget blur: <asciimatics.widgets.label.Label object at 0x7fa9ed8ba0>
2025-07-31 18:24:49,073 : DEBUG : asciimatics.widgets.widget : Widget blur: <asciimatics.widgets.label.Label object at 0x7fa9ed8c70>
2025-07-31 18:24:49,073 : DEBUG : asciimatics.widgets.layout : Blur: <asciimatics.widgets.layout.Layout object at 0x7fa9ec3d00>
2025-07-31 18:24:49,073 : DEBUG : asciimatics.widgets.layout : Blur: <mpf.core.text_ui.MpfLayout object at 0x7fa9efcfd0>
2025-07-31 18:24:49,074 : DEBUG : asciimatics.widgets.layout : Updating: None
2025-07-31 18:24:49,074 : DEBUG : asciimatics.widgets.layout : Updating: None
2025-07-31 18:24:49,074 : DEBUG : asciimatics.widgets.layout : Updating: None
2025-07-31 18:24:49,074 : DEBUG : asciimatics.widgets.layout : Updating: None
2025-07-31 18:24:49,074 : DEBUG : asciimatics.widgets.layout : Updating: None
2025-07-31 18:24:49,074 : DEBUG : asciimatics.widgets.layout : Updating: None
2025-07-31 18:24:49,074 : DEBUG : asciimatics.widgets.widget : Widget blur: <asciimatics.widgets.label.Label object at 0x7fa9ed92f0>
2025-07-31 18:24:49,074 : DEBUG : asciimatics.widgets.widget : Widget blur: <asciimatics.widgets.label.Label object at 0x7fa9ed9220>
2025-07-31 18:24:49,074 : DEBUG : asciimatics.widgets.widget : Widget blur: <asciimatics.widgets.label.Label object at 0x7fa9ed93c0>
2025-07-31 18:24:49,075 : DEBUG : asciimatics.widgets.widget : Widget blur: <asciimatics.widgets.label.Label object at 0x7fa9ed9150>
2025-07-31 18:24:49,075 : DEBUG : asciimatics.widgets.widget : Widget blur: <asciimatics.widgets.label.Label object at 0x7fa9ed9080>
2025-07-31 18:24:49,075 : DEBUG : asciimatics.widgets.widget : Widget blur: <asciimatics.widgets.label.Label object at 0x7fa9ed8d40>
2025-07-31 18:24:49,075 : DEBUG : asciimatics.widgets.layout : Blur: <asciimatics.widgets.layout.Layout object at 0x7fa9f0c220>
2025-07-31 18:24:49,075 : DEBUG : asciimatics.widgets.layout : Focus: <asciimatics.widgets.layout.Layout object at 0x7fa9ec3d00>
2025-07-31 18:24:49,075 : DEBUG : asciimatics.widgets.layout : Focus: <mpf.core.text_ui.MpfLayout object at 0x7fa9efcfd0>
2025-07-31 18:24:49,075 : DEBUG : asciimatics.widgets.layout : Focus: <asciimatics.widgets.layout.Layout object at 0x7fa9f0c220>
2025-07-31 18:24:49,076 : DEBUG : asciimatics.widgets.frame : Cloning: Test
2025-07-31 18:24:49,076 : DEBUG : asciimatics.widgets.layout : Updating: None
2025-07-31 18:24:49,076 : DEBUG : asciimatics.widgets.layout : Updating: None
2025-07-31 18:24:49,076 : DEBUG : asciimatics.widgets.layout : Updating: None
2025-07-31 18:24:49,077 : DEBUG : asciimatics.widgets.layout : Updating: None
2025-07-31 18:24:49,077 : DEBUG : asciimatics.widgets.layout : Updating: None
2025-07-31 18:24:49,077 : DEBUG : asciimatics.widgets.layout : Updating: None
2025-07-31 18:24:49,077 : DEBUG : asciimatics.widgets.layout : Updating: None
2025-07-31 18:24:49,077 : DEBUG : asciimatics.widgets.layout : Updating: None
2025-07-31 18:24:49,078 : DEBUG : asciimatics.widgets.layout : Updating: None
2025-07-31 18:24:49,078 : DEBUG : asciimatics.widgets.layout : Updating: None
2025-07-31 18:24:49,078 : DEBUG : asciimatics.widgets.layout : Updating: None
2025-07-31 18:24:49,078 : DEBUG : asciimatics.widgets.layout : Updating: None
2025-07-31 18:24:49,078 : DEBUG : asciimatics.widgets.layout : Updating: None
2025-07-31 18:24:49,078 : DEBUG : asciimatics.widgets.layout : Updating: None
2025-07-31 18:24:49,079 : DEBUG : asciimatics.widgets.layout : Updating: None
2025-07-31 18:24:49,079 : DEBUG : asciimatics.widgets.layout : Updating: None
2025-07-31 18:24:49,079 : DEBUG : asciimatics.widgets.layout : Updating: None
2025-07-31 18:24:49,079 : DEBUG : asciimatics.widgets.layout : Updating: None
2025-07-31 18:24:49,083 : INFO : EventManager : Event: ======'machine_var_mc_version'====== Args={'value': 'MPF-MC v0.57.1', 'prev_value': None, 'change': True}
2025-07-31 18:24:49,084 : INFO : EventManager : Event: ======'machine_var_mc_extended_version'====== Args={'value': 'MPF-MC v0.57.1 (config_version=6, BCP v1.1,                      Requires MPF API compatibility v0.57.0 or newer)', 'prev_value': None, 'change': True}
2025-07-31 18:24:49,095 : INFO : ball_device.bd_start : BCH: Initial count: 0
2025-07-31 18:24:49,111 : INFO : ball_device.bd_start : State: idle
2025-07-31 18:24:49,115 : DEBUG : Machine : "info_lights:" section not found in machine configuration, so the InfoLights will not be used.
2025-07-31 18:24:49,118 : DEBUG : Machine : "switch_player:" section not found in machine configuration, so the SwitchPlayer will not be used.
2025-07-31 18:24:49,122 : DEBUG : Machine : "twitch_client:" section not found in machine configuration, so the TwitchBot will not be used.
2025-07-31 18:24:49,122 : DEBUG : Machine : "virtual_segment_display_connector:" section not found in machine configuration, so the VirtualSegmentDisplayConnector will not be used.
2025-07-31 18:24:49,123 : INFO : EventManager : Event: ======'init_phase_3'====== Args={}
2025-07-31 18:24:49,123 : DEBUG : ShowController : Loading show: flash
2025-07-31 18:24:49,124 : DEBUG : ShowController : Loading show: on
2025-07-31 18:24:49,126 : DEBUG : ShowController : Loading show: off
2025-07-31 18:24:49,126 : DEBUG : ShowController : Loading show: led_color
2025-07-31 18:24:49,127 : DEBUG : ShowController : Loading show: bl_color
2025-07-31 18:24:49,128 : DEBUG : ShowController : Loading show: flash_color
2025-07-31 18:24:49,129 : INFO : EventManager : Event: ======'init_phase_4'====== Args={}
2025-07-31 18:24:49,130 : INFO : BallController : Initial balls found: 0
2025-07-31 18:24:49,134 : INFO : EventManager : Event: ======'machine_var_audits_switches_s_start'====== Args={'value': 0, 'prev_value': None, 'change': True}
2025-07-31 18:24:49,135 : INFO : EventManager : Event: ======'machine_var_audits_events_game_started'====== Args={'value': 0, 'prev_value': None, 'change': True}
2025-07-31 18:24:49,136 : INFO : EventManager : Event: ======'machine_var_audits_events_game_ended'====== Args={'value': 0, 'prev_value': None, 'change': True}
2025-07-31 18:24:49,136 : INFO : EventManager : Event: ======'machine_var_audits_player_score'====== Args={'value': {'top': [], 'average': 0, 'total': 0}, 'prev_value': None, 'change': True}
2025-07-31 18:24:49,138 : INFO : EventManager : Event: ======'init_phase_5'====== Args={}
2025-07-31 18:24:49,139 : INFO : EventManager : Event: ======'init_done'====== Args={}
2025-07-31 18:24:49,139 : INFO : EventManager : Event: ======'machine_reset_phase_1'====== Args={}
2025-07-31 18:24:49,151 : INFO : EventManager : Event: ======'machine_reset_phase_2'====== Args={}
2025-07-31 18:24:49,151 : INFO : EventManager : Event: ======'machine_reset_phase_3'====== Args={}
2025-07-31 18:24:49,152 : INFO : EventManager : Event: ======'reset_complete'====== Args={}
2025-07-31 18:24:49,152 : INFO : EventManager : Event: ======'mode_attract_will_start'====== Args={}
2025-07-31 18:24:49,153 : INFO : EventManager : Event: ======'mode_attract_starting'====== Args={}
2025-07-31 18:24:49,154 : INFO : Mode.attract : Started. Priority: 10
2025-07-31 18:24:49,154 : INFO : EventManager : Event: ======'modes_active_modes_changed'====== Args={}
2025-07-31 18:24:49,154 : INFO : EventManager : Event: ======'mode_attract_started'====== Args={}
2025-07-31 18:24:49,155 : INFO : EventManager : Event: ======'collecting_balls_complete'====== Args={}
2025-07-31 18:24:49,156 : INFO : Machine : Starting the main run loop with active modes: [<Mode.attract>]
2025-07-31 18:25:00,280 : INFO : Machine : Shutting down...
2025-07-31 18:25:00,281 : INFO : EventManager : Event: ======'shutdown'====== Args={}
2025-07-31 18:25:00,284 : INFO : root : MPF run loop ended.
