2025-07-31 18:30:49,336 : kivy : Kivy: v2.2.1
2025-07-31 18:30:49,337 : kivy : Kivy: Installed at "/home/alex/.pyenv/versions/3.11.2/envs/mpf-env/lib/python3.11/site-packages/kivy/__init__.py"
2025-07-31 18:30:49,337 : kivy : Python: v3.11.2 (main, Jul 31 2025, 11:16:13) [GCC 12.2.0]
2025-07-31 18:30:49,337 : kivy : Python: Interpreter at "/home/alex/.pyenv/versions/3.11.2/envs/mpf-env/bin/python"
2025-07-31 18:30:49,373 : kivy : Factory: 190 symbols loaded
2025-07-31 18:30:50,164 : kivy : ImageLoaderFFPy: Using ffpyplayer 4.5.1
2025-07-31 18:30:50,164 : kivy : Image: Providers: img_tex, img_dds, img_sdl2, img_pil, img_ffpyplayer 
2025-07-31 18:30:50,615 : kivy : VideoFFPy: Using ffpyplayer 4.5.1
2025-07-31 18:30:50,616 : kivy : Video: Provider: ffpyplayer(['video_ffmpeg'] ignored)
2025-07-31 18:30:50,687 : root : Loading MPF-MC controller
2025-07-31 18:30:50,693 : YamlMultifileConfigLoader : Machine config file #1: config
2025-07-31 18:30:50,693 : ConfigProcessor : Config file in cache changed: /home/alex/motu_pinball/config/config
2025-07-31 18:30:50,699 : ConfigProcessor : Loading config from file /home/alex/.pyenv/versions/3.11.2/envs/mpf-env/lib/python3.11/site-packages/mpfmc/mcconfig.yaml.
2025-07-31 18:30:50,821 : ConfigProcessor : Loading config: /home/alex/.pyenv/versions/3.11.2/envs/mpf-env/lib/python3.11/site-packages/mpfmc/mcconfig.yaml
2025-07-31 18:30:50,822 : ConfigProcessor : Loading config from file /home/alex/motu_pinball/config/config.
2025-07-31 18:30:50,831 : ConfigProcessor : Loading config: /home/alex/motu_pinball/config/config
2025-07-31 18:30:50,863 : ConfigProcessor : Loading config: /home/alex/motu_pinball/config/machine.yaml
2025-07-31 18:30:50,866 : ConfigProcessor : Loading config: /home/alex/motu_pinball/config/game.yaml
2025-07-31 18:30:50,868 : ConfigProcessor : Loading config: /home/alex/motu_pinball/config/players.yaml
2025-07-31 18:30:50,873 : ConfigProcessor : Loading config: /home/alex/motu_pinball/config/widget_styles.yaml
2025-07-31 18:30:50,875 : ConfigProcessor : Config file cache created: /tmp/9bc0f4c2e44b5974877a91297e508cc7.mpf_cache
2025-07-31 18:30:50,876 : ConfigProcessor : Loading config from cache: /tmp/3c03a7df752fd698a04f07fbf9fda746.mpf_cache
2025-07-31 18:30:50,877 : ConfigProcessor : Loading config from cache: /tmp/944e9962837f7d6575136bbe01d07007.mpf_cache
2025-07-31 18:30:50,878 : ConfigProcessor : Loading config from cache: /tmp/3c03a7df752fd698a04f07fbf9fda746.mpf_cache
2025-07-31 18:30:50,878 : ConfigProcessor : Loading config from cache: /tmp/5e4c86a59abb831d5a42de1c3de70db7.mpf_cache
2025-07-31 18:30:50,879 : mpfmc : Mission Pinball Framework Media Controller (MPF-MC) v0.57.1. Requires MPF v0.57.0 or newer.
2025-07-31 18:30:50,879 : mpfmc : Found MPF v0.57.3
2025-07-31 18:30:50,880 : mpfmc : Machine path: /home/alex/motu_pinball
2025-07-31 18:30:50,880 : mpfmc : Starting clock at 60.0Hz
2025-07-31 18:30:50,902 : kivy : Text: Provider: sdl2
2025-07-31 18:30:50,981 : kivy : Window: Provider: sdl2
2025-07-31 18:30:51,527 : kivy : GL: Using the "OpenGL" graphics system
2025-07-31 18:30:51,528 : kivy : GL: Backend used <sdl2>
2025-07-31 18:30:51,528 : kivy : GL: OpenGL version <b'3.1 Mesa 24.2.8-1~bpo12+rpt3'>
2025-07-31 18:30:51,528 : kivy : GL: OpenGL vendor <b'Broadcom'>
2025-07-31 18:30:51,529 : kivy : GL: OpenGL renderer <b'V3D 4.2.14.0'>
2025-07-31 18:30:51,529 : kivy : GL: OpenGL parsed version: 3, 1
2025-07-31 18:30:51,529 : kivy : GL: Shading version <b'1.40'>
2025-07-31 18:30:51,529 : kivy : GL: Texture max size <4096>
2025-07-31 18:30:51,529 : kivy : GL: Texture max units <24>
2025-07-31 18:30:51,614 : kivy : Window: auto add sdl2 input provider
2025-07-31 18:30:51,615 : kivy : Window: virtual keyboard not allowed, single mode, not docked
2025-07-31 18:30:51,625 : SoundSystem : SoundSystem: Using default 'sound_system' settings
2025-07-31 18:30:51,720 : AudioInterface : Initialized
2025-07-31 18:30:51,720 : AudioInterface : Loaded SDL 2.26.5
2025-07-31 18:30:51,720 : AudioInterface : Loaded SDL_Mixer 2.6.2
2025-07-31 18:30:51,721 : AudioInterface : Loaded GStreamer 1.22.0.0
2025-07-31 18:30:51,721 : AudioInterface : Loaded GLib 2.74.6
2025-07-31 18:30:51,721 : AudioInterface : Settings requested - rate: 44100, channels: 1, buffer: 2048 samples
2025-07-31 18:30:51,721 : AudioInterface : Settings in use - rate: 44100, channels: 1, buffer: 2048 samples (4096 bytes @ 2 bytes per sample)
2025-07-31 18:30:51,722 : SoundSystem : No audio tracks are specified in your machine config file. a track named 'default' has been created.
2025-07-31 18:30:51,722 : SoundSystem : Setting master volume to 0.0
2025-07-31 18:30:51,722 : AudioInterface : Enabling audio playback
2025-07-31 18:30:51,790 : kivy : Base: Start application main loop
2025-07-31 18:30:51,791 : EventManager : Event: ======'display_window_initialized'====== Args={}
2025-07-31 18:30:51,798 : mpfmc : Display: Setting 'window' as default display
2025-07-31 18:30:51,817 : mpfmc : ASPECT RATIO MISMATCH: The on-screen window is not the same aspect ratio as the display called 'window'. The logical display will be scaled from 800x480 to the window size 800x600, and a black bar will make up the difference
2025-07-31 18:30:51,820 : EventManager : Event: ======'displays_initialized'====== Args={}
2025-07-31 18:30:51,825 : EventManager : Event: ======'slide_window_blank_created'====== Args={}
2025-07-31 18:30:51,825 : EventManager : Event: ======'display_window_ready'====== Args={}
2025-07-31 18:30:51,843 : EventManager : Event: ======'init_phase_1'====== Args={}
2025-07-31 18:30:51,855 : EventManager : Event: ======'mc_ready'====== Args={}
2025-07-31 18:30:51,855 : EventManager : Event: ======'init_phase_2'====== Args={}
2025-07-31 18:30:51,857 : EventManager : Event: ======'init_phase_3'====== Args={}
2025-07-31 18:30:51,859 : EventManager : Event: ======'init_phase_4'====== Args={}
2025-07-31 18:30:51,859 : EventManager : Event: ======'init_phase_5'====== Args={}
2025-07-31 18:30:51,859 : EventManager : Event: ======'init_done'====== Args={}
2025-07-31 18:30:51,860 : MPF-MC BCP Server : Starting up on localhost port 5050
2025-07-31 18:30:51,861 : MPF-MC BCP Server : Waiting for a connection...
2025-07-31 18:30:51,889 : EventManager : Event: ======'client_disconnected'====== Args={'host': '127.0.0.1', 'port': 5050}
2025-07-31 18:31:54,864 : kivy : Base: Leaving application in progress...
2025-07-31 18:31:55,018 : mpfmc : Stopping...
2025-07-31 18:31:55,019 : EventManager : Event: ======'shutdown'====== Args={}
2025-07-31 18:31:55,019 : AudioInterface : Disabling audio playback
2025-07-31 18:31:55,119 : mpfmc : Loop rate 79.92 Hz
2025-07-31 18:31:55,121 : root : MC run loop ended.
2025-07-31 18:31:55,122 : root : Stopping child threads... (3 remaining)
2025-07-31 18:31:55,126 : MPF-MC BCP Server : Stopping BCP listener thread
2025-07-31 18:31:55,947 : MPF-MC BCP Server : Stopping BCP sending thread
2025-07-31 18:31:56,024 : root : All child threads stopped.
