2025-07-31 18:25:51,584 : INFO : root : Loading config.
2025-07-31 18:25:51,591 : INFO : YamlMultifileConfigLoader : Machine config file #1: config.yaml
2025-07-31 18:25:51,592 : INFO : ConfigProcessor : Loading config from cache: /tmp/89fb2f41220dcaad2de9503362dbb776.mpf_cache
2025-07-31 18:25:51,740 : DEBUG : YamlMultifileConfigLoader : Loading mode attract from /home/alex/.pyenv/versions/3.11.2/envs/mpf-env/lib/python3.11/site-packages/mpf/modes/attract/config/attract.yaml
2025-07-31 18:25:51,741 : INFO : ConfigProcessor : Loading config from cache: /tmp/3c03a7df752fd698a04f07fbf9fda746.mpf_cache
2025-07-31 18:25:51,742 : DEBUG : YamlMultifileConfigLoader : Loading mode game from /home/alex/.pyenv/versions/3.11.2/envs/mpf-env/lib/python3.11/site-packages/mpf/modes/game/config/game.yaml
2025-07-31 18:25:51,742 : INFO : ConfigProcessor : Loading config from cache: /tmp/944e9962837f7d6575136bbe01d07007.mpf_cache
2025-07-31 18:25:51,743 : DEBUG : YamlMultifileConfigLoader : Loading mode attract from /home/alex/.pyenv/versions/3.11.2/envs/mpf-env/lib/python3.11/site-packages/mpf/modes/attract/config/attract.yaml
2025-07-31 18:25:51,744 : INFO : ConfigProcessor : Loading config from cache: /tmp/3c03a7df752fd698a04f07fbf9fda746.mpf_cache
2025-07-31 18:25:51,744 : DEBUG : YamlMultifileConfigLoader : Loading mode base from /home/alex/.pyenv/versions/3.11.2/envs/mpf-env/lib/python3.11/site-packages/mpf/modes/base/config/base.yaml
2025-07-31 18:25:51,745 : INFO : ConfigProcessor : Loading config from cache: /tmp/5e4c86a59abb831d5a42de1c3de70db7.mpf_cache
2025-07-31 18:25:51,746 : INFO : Machine : Mission Pinball Framework Core Engine v0.57.3
2025-07-31 18:25:51,746 : INFO : Machine : Command line arguments: {'no_load_cache': False, 'create_config_cache': True, 'bcp': True, 'configfile': ['config.yaml'], 'force_assets_load': False, 'platform_integration_test': False, 'jsonlogging': False, 'logfile': 'logs/2025-07-31-18-25-51-mpf-clockworkpi.log', 'pause': False, 'production': False, 'text_ui': True, 'loglevel': 10, 'consoleloglevel': 20, 'force_platform': None, 'syslog_address': None, 'mc_file_name': None, 'no_sound': False}
2025-07-31 18:25:51,746 : INFO : Machine : MPF path: /home/alex/.pyenv/versions/3.11.2/envs/mpf-env/lib/python3.11/site-packages/mpf
2025-07-31 18:25:51,747 : INFO : Machine : Machine path: /home/alex/motu_pinball
2025-07-31 18:25:51,747 : INFO : Machine : Platform: linux
2025-07-31 18:25:51,747 : INFO : Machine : Python executable location: /home/alex/.pyenv/versions/3.11.2/envs/mpf-env/bin/python
2025-07-31 18:25:51,747 : INFO : Machine : Python version: 3.11.2 (64-bit)
2025-07-31 18:25:51,748 : DEBUG : asyncio : Using selector: EpollSelector
2025-07-31 18:25:51,749 : INFO : Machine : Initializing MPF...
2025-07-31 18:25:51,759 : DEBUG : Virtual Platform : Configuring virtual hardware interface.
2025-07-31 18:25:51,821 : DEBUG : asciimatics.widgets.layout : Updating: None
2025-07-31 18:25:51,821 : DEBUG : asciimatics.widgets.layout : Updating: None
2025-07-31 18:25:51,821 : DEBUG : asciimatics.widgets.layout : Updating: None
2025-07-31 18:25:51,822 : DEBUG : asciimatics.widgets.layout : Updating: None
2025-07-31 18:25:51,822 : DEBUG : asciimatics.widgets.layout : Updating: None
2025-07-31 18:25:51,822 : DEBUG : asciimatics.widgets.layout : Updating: None
2025-07-31 18:25:51,822 : DEBUG : asciimatics.widgets.layout : Updating: None
2025-07-31 18:25:51,822 : DEBUG : asciimatics.widgets.layout : Updating: None
2025-07-31 18:25:51,822 : DEBUG : asciimatics.widgets.layout : Updating: None
2025-07-31 18:25:51,823 : DEBUG : asciimatics.widgets.layout : Updating: None
2025-07-31 18:25:51,823 : DEBUG : asciimatics.widgets.layout : Updating: None
2025-07-31 18:25:51,823 : DEBUG : asciimatics.widgets.layout : Updating: None
2025-07-31 18:25:51,823 : DEBUG : asciimatics.widgets.widget : Widget blur: <asciimatics.widgets.label.Label object at 0x7fac0f7780>
2025-07-31 18:25:51,823 : DEBUG : asciimatics.widgets.widget : Widget blur: <asciimatics.widgets.label.Label object at 0x7fa76e6400>
2025-07-31 18:25:51,824 : DEBUG : asciimatics.widgets.widget : Widget blur: <asciimatics.widgets.label.Label object at 0x7fa76e64d0>
2025-07-31 18:25:51,824 : DEBUG : asciimatics.widgets.layout : Blur: <asciimatics.widgets.layout.Layout object at 0x7fa76f5120>
2025-07-31 18:25:51,824 : DEBUG : asciimatics.widgets.layout : Blur: <mpf.core.text_ui.MpfLayout object at 0x7fac18f7d0>
2025-07-31 18:25:51,824 : DEBUG : asciimatics.widgets.layout : Updating: None
2025-07-31 18:25:51,825 : DEBUG : asciimatics.widgets.layout : Updating: None
2025-07-31 18:25:51,825 : DEBUG : asciimatics.widgets.layout : Updating: None
2025-07-31 18:25:51,825 : DEBUG : asciimatics.widgets.layout : Updating: None
2025-07-31 18:25:51,825 : DEBUG : asciimatics.widgets.layout : Updating: None
2025-07-31 18:25:51,825 : DEBUG : asciimatics.widgets.layout : Updating: None
2025-07-31 18:25:51,825 : DEBUG : asciimatics.widgets.widget : Widget blur: <asciimatics.widgets.label.Label object at 0x7fa76e68e0>
2025-07-31 18:25:51,826 : DEBUG : asciimatics.widgets.widget : Widget blur: <asciimatics.widgets.label.Label object at 0x7fa76e6810>
2025-07-31 18:25:51,826 : DEBUG : asciimatics.widgets.widget : Widget blur: <asciimatics.widgets.label.Label object at 0x7fa76e69b0>
2025-07-31 18:25:51,826 : DEBUG : asciimatics.widgets.widget : Widget blur: <asciimatics.widgets.label.Label object at 0x7fa76e6740>
2025-07-31 18:25:51,826 : DEBUG : asciimatics.widgets.widget : Widget blur: <asciimatics.widgets.label.Label object at 0x7fa76e6670>
2025-07-31 18:25:51,827 : DEBUG : asciimatics.widgets.widget : Widget blur: <asciimatics.widgets.label.Label object at 0x7fa76e65a0>
2025-07-31 18:25:51,827 : DEBUG : asciimatics.widgets.layout : Blur: <asciimatics.widgets.layout.Layout object at 0x7fa76f51e0>
2025-07-31 18:25:51,827 : DEBUG : asciimatics.widgets.layout : Focus: <asciimatics.widgets.layout.Layout object at 0x7fa76f5120>
2025-07-31 18:25:51,827 : DEBUG : asciimatics.widgets.layout : Focus: <mpf.core.text_ui.MpfLayout object at 0x7fac18f7d0>
2025-07-31 18:25:51,827 : DEBUG : asciimatics.widgets.layout : Focus: <asciimatics.widgets.layout.Layout object at 0x7fa76f51e0>
2025-07-31 18:25:51,828 : DEBUG : asciimatics.widgets.frame : Cloning: Test
2025-07-31 18:25:51,828 : DEBUG : asciimatics.widgets.layout : Updating: None
2025-07-31 18:25:51,828 : DEBUG : asciimatics.widgets.layout : Updating: None
2025-07-31 18:25:51,828 : DEBUG : asciimatics.widgets.layout : Updating: None
2025-07-31 18:25:51,828 : DEBUG : asciimatics.widgets.layout : Updating: None
2025-07-31 18:25:51,828 : DEBUG : asciimatics.widgets.layout : Updating: None
2025-07-31 18:25:51,829 : DEBUG : asciimatics.widgets.layout : Updating: None
2025-07-31 18:25:51,829 : DEBUG : asciimatics.widgets.layout : Updating: None
2025-07-31 18:25:51,829 : DEBUG : asciimatics.widgets.layout : Updating: None
2025-07-31 18:25:51,829 : DEBUG : asciimatics.widgets.layout : Updating: None
2025-07-31 18:25:51,829 : DEBUG : asciimatics.widgets.layout : Updating: None
2025-07-31 18:25:51,829 : DEBUG : asciimatics.widgets.layout : Updating: None
2025-07-31 18:25:51,829 : DEBUG : asciimatics.widgets.layout : Updating: None
2025-07-31 18:25:51,830 : DEBUG : asciimatics.widgets.layout : Updating: None
2025-07-31 18:25:51,830 : DEBUG : asciimatics.widgets.layout : Updating: None
2025-07-31 18:25:51,830 : DEBUG : asciimatics.widgets.layout : Updating: None
2025-07-31 18:25:51,830 : DEBUG : asciimatics.widgets.layout : Updating: None
2025-07-31 18:25:51,830 : DEBUG : asciimatics.widgets.layout : Updating: None
2025-07-31 18:25:51,830 : DEBUG : asciimatics.widgets.layout : Updating: None
2025-07-31 18:25:51,874 : INFO : EventManager : Event: ======'machine_var_credits_string'====== Args={'value': 'FREE PLAY', 'prev_value': None, 'change': True}
2025-07-31 18:25:51,979 : INFO : EventManager : Event: ======'machine_var_master_volume'====== Args={'value': 0.5, 'prev_value': None, 'change': True}
2025-07-31 18:25:51,979 : INFO : EventManager : Event: ======'machine_var_mpf_version'====== Args={'value': 'Mission Pinball Framework v0.57.3', 'prev_value': None, 'change': True}
2025-07-31 18:25:51,979 : INFO : EventManager : Event: ======'machine_var_mpf_extended_version'====== Args={'value': 'Mission Pinball Framework v0.57.3, Config version:6, Show version: 6, BCP version:1.1', 'prev_value': None, 'change': True}
2025-07-31 18:25:51,979 : INFO : EventManager : Event: ======'machine_var_python_version'====== Args={'value': '3.11.2', 'prev_value': None, 'change': True}
2025-07-31 18:25:51,983 : INFO : EventManager : Event: ======'machine_var_platform'====== Args={'value': 'Linux-6.12.40-v8+-aarch64-with-glibc2.36', 'prev_value': None, 'change': True}
2025-07-31 18:25:51,983 : INFO : EventManager : Event: ======'machine_var_platform_system'====== Args={'value': 'Linux', 'prev_value': None, 'change': True}
2025-07-31 18:25:51,984 : INFO : EventManager : Event: ======'machine_var_platform_release'====== Args={'value': '6.12.40-v8+', 'prev_value': None, 'change': True}
2025-07-31 18:25:51,984 : INFO : EventManager : Event: ======'machine_var_platform_version'====== Args={'value': '#2 SMP PREEMPT Sun Jul 27 22:29:41 EDT 2025', 'prev_value': None, 'change': True}
2025-07-31 18:25:51,985 : INFO : EventManager : Event: ======'machine_var_platform_machine'====== Args={'value': 'aarch64', 'prev_value': None, 'change': True}
2025-07-31 18:25:51,985 : INFO : EventManager : Event: ======'init_phase_1'====== Args={}
2025-07-31 18:25:51,993 : DEBUG : ModeController : Loaded mode game
2025-07-31 18:25:51,994 : DEBUG : ModeController : Loaded mode base
2025-07-31 18:25:51,999 : DEBUG : ModeController : Loaded mode attract
2025-07-31 18:25:52,013 : INFO : EventManager : Event: ======'init_phase_2'====== Args={}
2025-07-31 18:25:52,016 : INFO : EventManager : Event: ======'bcp_connection_attempt'====== Args={'name': 'local_display', 'host': 'localhost', 'port': 5050}
2025-07-31 18:25:52,023 : DEBUG : asciimatics.widgets.layout : Updating: message
2025-07-31 18:25:52,023 : DEBUG : asciimatics.widgets.layout : Updating: message
2025-07-31 18:25:52,024 : DEBUG : asciimatics.widgets.widget : Widget blur: <asciimatics.widgets.textbox.TextBox object at 0x7fa777d240>
2025-07-31 18:25:52,024 : DEBUG : asciimatics.widgets.layout : Blur: <asciimatics.widgets.layout.Layout object at 0x7fa76096c0>
2025-07-31 18:25:52,024 : DEBUG : asciimatics.widgets.layout : Blur: <asciimatics.widgets.layout.Layout object at 0x7fa7609720>
2025-07-31 18:25:52,024 : DEBUG : asciimatics.widgets.layout : Focus: <asciimatics.widgets.layout.Layout object at 0x7fa76096c0>
2025-07-31 18:25:52,024 : DEBUG : asciimatics.widgets.layout : Focus: <asciimatics.widgets.layout.Layout object at 0x7fa7609720>
2025-07-31 18:25:52,025 : INFO : BCPClientSocket : Connecting BCP to 'local_display' at localhost:5050...
2025-07-31 18:25:54,404 : INFO : BCPClientSocket : Connected BCP to 'local_display' localhost:5050
2025-07-31 18:25:54,405 : INFO : EventManager : Event: ======'bcp_clients_connected'====== Args={}
2025-07-31 18:25:54,408 : DEBUG : asciimatics.widgets.layout : Updating: None
2025-07-31 18:25:54,408 : DEBUG : asciimatics.widgets.layout : Updating: None
2025-07-31 18:25:54,409 : DEBUG : asciimatics.widgets.layout : Updating: None
2025-07-31 18:25:54,409 : DEBUG : asciimatics.widgets.layout : Updating: None
2025-07-31 18:25:54,409 : DEBUG : asciimatics.widgets.layout : Updating: None
2025-07-31 18:25:54,409 : DEBUG : asciimatics.widgets.layout : Updating: None
2025-07-31 18:25:54,409 : DEBUG : asciimatics.widgets.layout : Updating: None
2025-07-31 18:25:54,410 : DEBUG : asciimatics.widgets.layout : Updating: None
2025-07-31 18:25:54,410 : DEBUG : asciimatics.widgets.layout : Updating: None
2025-07-31 18:25:54,410 : DEBUG : asciimatics.widgets.layout : Updating: None
2025-07-31 18:25:54,411 : DEBUG : asciimatics.widgets.layout : Updating: None
2025-07-31 18:25:54,411 : DEBUG : asciimatics.widgets.layout : Updating: None
2025-07-31 18:25:54,411 : DEBUG : asciimatics.widgets.widget : Widget blur: <asciimatics.widgets.label.Label object at 0x7fa762c040>
2025-07-31 18:25:54,411 : DEBUG : asciimatics.widgets.widget : Widget blur: <asciimatics.widgets.label.Label object at 0x7fa762c110>
2025-07-31 18:25:54,411 : DEBUG : asciimatics.widgets.widget : Widget blur: <asciimatics.widgets.label.Label object at 0x7fa762c1e0>
2025-07-31 18:25:54,412 : DEBUG : asciimatics.widgets.layout : Blur: <asciimatics.widgets.layout.Layout object at 0x7fa760a1a0>
2025-07-31 18:25:54,412 : DEBUG : asciimatics.widgets.layout : Blur: <mpf.core.text_ui.MpfLayout object at 0x7fa76445d0>
2025-07-31 18:25:54,412 : DEBUG : asciimatics.widgets.layout : Updating: None
2025-07-31 18:25:54,413 : DEBUG : asciimatics.widgets.layout : Updating: None
2025-07-31 18:25:54,413 : DEBUG : asciimatics.widgets.layout : Updating: None
2025-07-31 18:25:54,413 : DEBUG : asciimatics.widgets.layout : Updating: None
2025-07-31 18:25:54,415 : DEBUG : asciimatics.widgets.layout : Updating: None
2025-07-31 18:25:54,415 : DEBUG : asciimatics.widgets.layout : Updating: None
2025-07-31 18:25:54,415 : DEBUG : asciimatics.widgets.widget : Widget blur: <asciimatics.widgets.label.Label object at 0x7fa762c860>
2025-07-31 18:25:54,415 : DEBUG : asciimatics.widgets.widget : Widget blur: <asciimatics.widgets.label.Label object at 0x7fa762c790>
2025-07-31 18:25:54,415 : DEBUG : asciimatics.widgets.widget : Widget blur: <asciimatics.widgets.label.Label object at 0x7fa762c930>
2025-07-31 18:25:54,416 : DEBUG : asciimatics.widgets.widget : Widget blur: <asciimatics.widgets.label.Label object at 0x7fa762c6c0>
2025-07-31 18:25:54,416 : DEBUG : asciimatics.widgets.widget : Widget blur: <asciimatics.widgets.label.Label object at 0x7fa762c5f0>
2025-07-31 18:25:54,416 : DEBUG : asciimatics.widgets.widget : Widget blur: <asciimatics.widgets.label.Label object at 0x7fa762c2b0>
2025-07-31 18:25:54,416 : DEBUG : asciimatics.widgets.layout : Blur: <asciimatics.widgets.layout.Layout object at 0x7fa760a320>
2025-07-31 18:25:54,416 : DEBUG : asciimatics.widgets.layout : Focus: <asciimatics.widgets.layout.Layout object at 0x7fa760a1a0>
2025-07-31 18:25:54,417 : DEBUG : asciimatics.widgets.layout : Focus: <mpf.core.text_ui.MpfLayout object at 0x7fa76445d0>
2025-07-31 18:25:54,417 : DEBUG : asciimatics.widgets.layout : Focus: <asciimatics.widgets.layout.Layout object at 0x7fa760a320>
2025-07-31 18:25:54,417 : DEBUG : asciimatics.widgets.frame : Cloning: Test
2025-07-31 18:25:54,417 : DEBUG : asciimatics.widgets.layout : Updating: None
2025-07-31 18:25:54,417 : DEBUG : asciimatics.widgets.layout : Updating: None
2025-07-31 18:25:54,418 : DEBUG : asciimatics.widgets.layout : Updating: None
2025-07-31 18:25:54,418 : DEBUG : asciimatics.widgets.layout : Updating: None
2025-07-31 18:25:54,418 : DEBUG : asciimatics.widgets.layout : Updating: None
2025-07-31 18:25:54,418 : DEBUG : asciimatics.widgets.layout : Updating: None
2025-07-31 18:25:54,418 : DEBUG : asciimatics.widgets.layout : Updating: None
2025-07-31 18:25:54,418 : DEBUG : asciimatics.widgets.layout : Updating: None
2025-07-31 18:25:54,418 : DEBUG : asciimatics.widgets.layout : Updating: None
2025-07-31 18:25:54,418 : DEBUG : asciimatics.widgets.layout : Updating: None
2025-07-31 18:25:54,419 : DEBUG : asciimatics.widgets.layout : Updating: None
2025-07-31 18:25:54,419 : DEBUG : asciimatics.widgets.layout : Updating: None
2025-07-31 18:25:54,419 : DEBUG : asciimatics.widgets.layout : Updating: None
2025-07-31 18:25:54,419 : DEBUG : asciimatics.widgets.layout : Updating: None
2025-07-31 18:25:54,419 : DEBUG : asciimatics.widgets.layout : Updating: None
2025-07-31 18:25:54,419 : DEBUG : asciimatics.widgets.layout : Updating: None
2025-07-31 18:25:54,420 : DEBUG : asciimatics.widgets.layout : Updating: None
2025-07-31 18:25:54,420 : DEBUG : asciimatics.widgets.layout : Updating: None
2025-07-31 18:25:54,423 : INFO : EventManager : Event: ======'machine_var_mc_version'====== Args={'value': 'MPF-MC v0.57.1', 'prev_value': None, 'change': True}
2025-07-31 18:25:54,424 : INFO : EventManager : Event: ======'machine_var_mc_extended_version'====== Args={'value': 'MPF-MC v0.57.1 (config_version=6, BCP v1.1,                      Requires MPF API compatibility v0.57.0 or newer)', 'prev_value': None, 'change': True}
2025-07-31 18:25:54,438 : INFO : ball_device.bd_start : BCH: Initial count: 0
2025-07-31 18:25:54,454 : INFO : ball_device.bd_start : State: idle
2025-07-31 18:25:54,459 : DEBUG : Machine : "info_lights:" section not found in machine configuration, so the InfoLights will not be used.
2025-07-31 18:25:54,462 : DEBUG : Machine : "switch_player:" section not found in machine configuration, so the SwitchPlayer will not be used.
2025-07-31 18:25:54,466 : DEBUG : Machine : "twitch_client:" section not found in machine configuration, so the TwitchBot will not be used.
2025-07-31 18:25:54,466 : DEBUG : Machine : "virtual_segment_display_connector:" section not found in machine configuration, so the VirtualSegmentDisplayConnector will not be used.
2025-07-31 18:25:54,466 : INFO : EventManager : Event: ======'init_phase_3'====== Args={}
2025-07-31 18:25:54,467 : DEBUG : ShowController : Loading show: flash
2025-07-31 18:25:54,468 : DEBUG : ShowController : Loading show: on
2025-07-31 18:25:54,469 : DEBUG : ShowController : Loading show: off
2025-07-31 18:25:54,470 : DEBUG : ShowController : Loading show: led_color
2025-07-31 18:25:54,470 : DEBUG : ShowController : Loading show: bl_color
2025-07-31 18:25:54,471 : DEBUG : ShowController : Loading show: flash_color
2025-07-31 18:25:54,473 : INFO : EventManager : Event: ======'init_phase_4'====== Args={}
2025-07-31 18:25:54,473 : INFO : BallController : Initial balls found: 0
2025-07-31 18:25:54,476 : INFO : EventManager : Event: ======'machine_var_audits_switches_s_start'====== Args={'value': 0, 'prev_value': None, 'change': True}
2025-07-31 18:25:54,478 : INFO : EventManager : Event: ======'machine_var_audits_events_game_started'====== Args={'value': 0, 'prev_value': None, 'change': True}
2025-07-31 18:25:54,479 : INFO : EventManager : Event: ======'machine_var_audits_events_game_ended'====== Args={'value': 0, 'prev_value': None, 'change': True}
2025-07-31 18:25:54,480 : INFO : EventManager : Event: ======'machine_var_audits_player_score'====== Args={'value': {'top': [], 'average': 0, 'total': 0}, 'prev_value': None, 'change': True}
2025-07-31 18:25:54,482 : INFO : EventManager : Event: ======'init_phase_5'====== Args={}
2025-07-31 18:25:54,482 : INFO : EventManager : Event: ======'init_done'====== Args={}
2025-07-31 18:25:54,483 : INFO : EventManager : Event: ======'machine_reset_phase_1'====== Args={}
2025-07-31 18:25:54,495 : INFO : EventManager : Event: ======'machine_reset_phase_2'====== Args={}
2025-07-31 18:25:54,496 : INFO : EventManager : Event: ======'machine_reset_phase_3'====== Args={}
2025-07-31 18:25:54,496 : INFO : EventManager : Event: ======'reset_complete'====== Args={}
2025-07-31 18:25:54,496 : INFO : EventManager : Event: ======'mode_attract_will_start'====== Args={}
2025-07-31 18:25:54,498 : INFO : EventManager : Event: ======'mode_attract_starting'====== Args={}
2025-07-31 18:25:54,498 : INFO : Mode.attract : Started. Priority: 10
2025-07-31 18:25:54,499 : INFO : EventManager : Event: ======'modes_active_modes_changed'====== Args={}
2025-07-31 18:25:54,499 : INFO : EventManager : Event: ======'mode_attract_started'====== Args={}
2025-07-31 18:25:54,500 : INFO : EventManager : Event: ======'collecting_balls_complete'====== Args={}
2025-07-31 18:25:54,500 : INFO : Machine : Starting the main run loop with active modes: [<Mode.attract>]
2025-07-31 18:26:06,997 : DEBUG : asciimatics.widgets.frame : New event: MouseEvent (27, 6) 1
2025-07-31 18:26:06,997 : DEBUG : asciimatics.widgets.frame : Blurring: [<asciimatics.widgets.frame.Frame object at 0x7fa7621d50>]
2025-07-31 18:26:08,831 : DEBUG : asciimatics.screen : Processing key: 60
2025-07-31 18:26:08,832 : DEBUG : asciimatics.screen : Returning key: 60
2025-07-31 18:26:08,833 : DEBUG : asciimatics.widgets.frame : New event: KeyboardEvent: 96
2025-07-31 18:26:09,831 : DEBUG : asciimatics.screen : Processing key: 7e
2025-07-31 18:26:09,832 : DEBUG : asciimatics.screen : Returning key: 7e
2025-07-31 18:26:09,832 : DEBUG : asciimatics.widgets.frame : New event: KeyboardEvent: 126
2025-07-31 18:26:51,822 : INFO : Machine : Shutting down...
2025-07-31 18:26:51,822 : INFO : EventManager : Event: ======'shutdown'====== Args={}
2025-07-31 18:26:51,826 : INFO : root : MPF run loop ended.
