2025-07-31 18:24:46,443 : kivy : Kivy: v2.2.1
2025-07-31 18:24:46,443 : kivy : Kivy: Installed at "/home/alex/.pyenv/versions/3.11.2/envs/mpf-env/lib/python3.11/site-packages/kivy/__init__.py"
2025-07-31 18:24:46,443 : kivy : Python: v3.11.2 (main, Jul 31 2025, 11:16:13) [GCC 12.2.0]
2025-07-31 18:24:46,444 : kivy : Python: Interpreter at "/home/alex/.pyenv/versions/3.11.2/envs/mpf-env/bin/python"
2025-07-31 18:24:46,479 : kivy : Factory: 190 symbols loaded
2025-07-31 18:24:47,269 : kivy : ImageLoaderFFPy: Using ffpyplayer 4.5.1
2025-07-31 18:24:47,269 : kivy : Image: Providers: img_tex, img_dds, img_sdl2, img_pil, img_ffpyplayer 
2025-07-31 18:24:47,799 : kivy : VideoFFPy: Using ffpyplayer 4.5.1
2025-07-31 18:24:47,800 : kivy : Video: Provider: ffpyplayer(['video_ffmpeg'] ignored)
2025-07-31 18:24:47,865 : root : Loading MPF-MC controller
2025-07-31 18:24:47,875 : YamlMultifileConfigLoader : Machine config file #1: config
2025-07-31 18:24:47,875 : ConfigProcessor : Config file in cache changed: /home/alex/motu_pinball/config/config
2025-07-31 18:24:47,876 : ConfigProcessor : Loading config from file /home/alex/.pyenv/versions/3.11.2/envs/mpf-env/lib/python3.11/site-packages/mpfmc/mcconfig.yaml.
2025-07-31 18:24:47,991 : ConfigProcessor : Loading config: /home/alex/.pyenv/versions/3.11.2/envs/mpf-env/lib/python3.11/site-packages/mpfmc/mcconfig.yaml
2025-07-31 18:24:47,992 : ConfigProcessor : Loading config from file /home/alex/motu_pinball/config/config.
2025-07-31 18:24:48,000 : ConfigProcessor : Loading config: /home/alex/motu_pinball/config/config
2025-07-31 18:24:48,030 : ConfigProcessor : Loading config: /home/alex/motu_pinball/config/machine.yaml
2025-07-31 18:24:48,032 : ConfigProcessor : Loading config: /home/alex/motu_pinball/config/game.yaml
2025-07-31 18:24:48,034 : ConfigProcessor : Loading config: /home/alex/motu_pinball/config/players.yaml
2025-07-31 18:24:48,039 : ConfigProcessor : Loading config: /home/alex/motu_pinball/config/widget_styles.yaml
2025-07-31 18:24:48,041 : ConfigProcessor : Config file cache created: /tmp/9bc0f4c2e44b5974877a91297e508cc7.mpf_cache
2025-07-31 18:24:48,042 : ConfigProcessor : Loading config from cache: /tmp/3c03a7df752fd698a04f07fbf9fda746.mpf_cache
2025-07-31 18:24:48,043 : ConfigProcessor : Loading config from cache: /tmp/944e9962837f7d6575136bbe01d07007.mpf_cache
2025-07-31 18:24:48,043 : ConfigProcessor : Loading config from cache: /tmp/3c03a7df752fd698a04f07fbf9fda746.mpf_cache
2025-07-31 18:24:48,043 : ConfigProcessor : Loading config from cache: /tmp/5e4c86a59abb831d5a42de1c3de70db7.mpf_cache
2025-07-31 18:24:48,044 : mpfmc : Mission Pinball Framework Media Controller (MPF-MC) v0.57.1. Requires MPF v0.57.0 or newer.
2025-07-31 18:24:48,044 : mpfmc : Found MPF v0.57.3
2025-07-31 18:24:48,044 : mpfmc : Machine path: /home/alex/motu_pinball
2025-07-31 18:24:48,045 : mpfmc : Starting clock at 60.0Hz
2025-07-31 18:24:48,063 : kivy : Text: Provider: sdl2
2025-07-31 18:24:48,136 : kivy : Window: Provider: sdl2
2025-07-31 18:24:48,667 : kivy : GL: Using the "OpenGL" graphics system
2025-07-31 18:24:48,668 : kivy : GL: Backend used <sdl2>
2025-07-31 18:24:48,668 : kivy : GL: OpenGL version <b'3.1 Mesa 24.2.8-1~bpo12+rpt3'>
2025-07-31 18:24:48,668 : kivy : GL: OpenGL vendor <b'Broadcom'>
2025-07-31 18:24:48,668 : kivy : GL: OpenGL renderer <b'V3D 4.2.14.0'>
2025-07-31 18:24:48,669 : kivy : GL: OpenGL parsed version: 3, 1
2025-07-31 18:24:48,669 : kivy : GL: Shading version <b'1.40'>
2025-07-31 18:24:48,669 : kivy : GL: Texture max size <4096>
2025-07-31 18:24:48,669 : kivy : GL: Texture max units <24>
2025-07-31 18:24:48,745 : kivy : Window: auto add sdl2 input provider
2025-07-31 18:24:48,745 : kivy : Window: virtual keyboard not allowed, single mode, not docked
2025-07-31 18:24:48,756 : SoundSystem : SoundSystem: Using default 'sound_system' settings
2025-07-31 18:24:48,848 : AudioInterface : Initialized
2025-07-31 18:24:48,848 : AudioInterface : Loaded SDL 2.26.5
2025-07-31 18:24:48,848 : AudioInterface : Loaded SDL_Mixer 2.6.2
2025-07-31 18:24:48,849 : AudioInterface : Loaded GStreamer 1.22.0.0
2025-07-31 18:24:48,849 : AudioInterface : Loaded GLib 2.74.6
2025-07-31 18:24:48,849 : AudioInterface : Settings requested - rate: 44100, channels: 1, buffer: 2048 samples
2025-07-31 18:24:48,849 : AudioInterface : Settings in use - rate: 44100, channels: 1, buffer: 2048 samples (4096 bytes @ 2 bytes per sample)
2025-07-31 18:24:48,849 : SoundSystem : No audio tracks are specified in your machine config file. a track named 'default' has been created.
2025-07-31 18:24:48,849 : SoundSystem : Setting master volume to 0.0
2025-07-31 18:24:48,850 : AudioInterface : Enabling audio playback
2025-07-31 18:24:48,912 : kivy : Base: Start application main loop
2025-07-31 18:24:48,913 : EventManager : Event: ======'display_window_initialized'====== Args={}
2025-07-31 18:24:48,920 : mpfmc : Display: Setting 'window' as default display
2025-07-31 18:24:48,939 : mpfmc : ASPECT RATIO MISMATCH: The on-screen window is not the same aspect ratio as the display called 'window'. The logical display will be scaled from 800x480 to the window size 800x600, and a black bar will make up the difference
2025-07-31 18:24:48,940 : EventManager : Event: ======'displays_initialized'====== Args={}
2025-07-31 18:24:48,944 : EventManager : Event: ======'slide_window_blank_created'====== Args={}
2025-07-31 18:24:48,944 : EventManager : Event: ======'display_window_ready'====== Args={}
2025-07-31 18:24:48,962 : EventManager : Event: ======'init_phase_1'====== Args={}
2025-07-31 18:24:48,973 : EventManager : Event: ======'mc_ready'====== Args={}
2025-07-31 18:24:48,973 : EventManager : Event: ======'init_phase_2'====== Args={}
2025-07-31 18:24:48,975 : EventManager : Event: ======'init_phase_3'====== Args={}
2025-07-31 18:24:48,976 : EventManager : Event: ======'init_phase_4'====== Args={}
2025-07-31 18:24:48,976 : EventManager : Event: ======'init_phase_5'====== Args={}
2025-07-31 18:24:48,977 : EventManager : Event: ======'init_done'====== Args={}
2025-07-31 18:24:48,977 : MPF-MC BCP Server : Starting up on localhost port 5050
2025-07-31 18:24:48,978 : MPF-MC BCP Server : Waiting for a connection...
2025-07-31 18:24:49,006 : EventManager : Event: ======'client_disconnected'====== Args={'host': '127.0.0.1', 'port': 5050}
2025-07-31 18:24:49,067 : MPF-MC BCP Server : Received connection from: 127.0.0.1:34478
2025-07-31 18:24:49,069 : EventManager : Event: ======'client_connected'====== Args={'host': '127.0.0.1', 'port': 34478}
2025-07-31 18:24:49,094 : EventManager : Event: ======'machine_var_credits_string'====== Args={'value': 'FREE PLAY', 'prev_value': None, 'change': True}
2025-07-31 18:24:49,095 : EventManager : Event: ======'machine_var_master_volume'====== Args={'value': 0.5, 'prev_value': None, 'change': True}
2025-07-31 18:24:49,095 : EventManager : Event: ======'machine_var_mpf_version'====== Args={'value': 'Mission Pinball Framework v0.57.3', 'prev_value': None, 'change': True}
2025-07-31 18:24:49,095 : EventManager : Event: ======'machine_var_mpf_extended_version'====== Args={'value': 'Mission Pinball Framework v0.57.3, Config version:6, Show version: 6, BCP version:1.1', 'prev_value': None, 'change': True}
2025-07-31 18:24:49,095 : EventManager : Event: ======'machine_var_python_version'====== Args={'value': '3.11.2', 'prev_value': None, 'change': True}
2025-07-31 18:24:49,095 : EventManager : Event: ======'machine_var_platform'====== Args={'value': 'Linux-6.12.40-v8+-aarch64-with-glibc2.36', 'prev_value': None, 'change': True}
2025-07-31 18:24:49,096 : EventManager : Event: ======'machine_var_platform_system'====== Args={'value': 'Linux', 'prev_value': None, 'change': True}
2025-07-31 18:24:49,096 : EventManager : Event: ======'machine_var_platform_release'====== Args={'value': '6.12.40-v8+', 'prev_value': None, 'change': True}
2025-07-31 18:24:49,096 : EventManager : Event: ======'machine_var_platform_version'====== Args={'value': '#2 SMP PREEMPT Sun Jul 27 22:29:41 EDT 2025', 'prev_value': None, 'change': True}
2025-07-31 18:24:49,096 : EventManager : Event: ======'machine_var_platform_machine'====== Args={'value': 'aarch64', 'prev_value': None, 'change': True}
2025-07-31 18:24:49,096 : EventManager : Event: ======'machine_var_mc_version'====== Args={'value': 'MPF-MC v0.57.1', 'prev_value': None, 'change': True}
2025-07-31 18:24:49,096 : EventManager : Event: ======'machine_var_mc_extended_version'====== Args={'value': 'MPF-MC v0.57.1 (config_version=6, BCP v1.1,                      Requires MPF API compatibility v0.57.0 or newer)', 'prev_value': None, 'change': True}
2025-07-31 18:24:49,097 : EventManager : Event: ======'machine_var_credits_string'====== Args={'value': 'FREE PLAY', 'prev_value': None, 'change': True}
2025-07-31 18:24:49,097 : EventManager : Event: ======'machine_var_master_volume'====== Args={'value': 0.5, 'prev_value': None, 'change': True}
2025-07-31 18:24:49,097 : EventManager : Event: ======'machine_var_mpf_version'====== Args={'value': 'Mission Pinball Framework v0.57.3', 'prev_value': None, 'change': True}
2025-07-31 18:24:49,097 : EventManager : Event: ======'machine_var_mpf_extended_version'====== Args={'value': 'Mission Pinball Framework v0.57.3, Config version:6, Show version: 6, BCP version:1.1', 'prev_value': None, 'change': True}
2025-07-31 18:24:49,098 : EventManager : Event: ======'machine_var_python_version'====== Args={'value': '3.11.2', 'prev_value': None, 'change': True}
2025-07-31 18:24:49,098 : EventManager : Event: ======'machine_var_platform'====== Args={'value': 'Linux-6.12.40-v8+-aarch64-with-glibc2.36', 'prev_value': None, 'change': True}
2025-07-31 18:24:49,098 : EventManager : Event: ======'machine_var_platform_system'====== Args={'value': 'Linux', 'prev_value': None, 'change': True}
2025-07-31 18:24:49,098 : EventManager : Event: ======'machine_var_platform_release'====== Args={'value': '6.12.40-v8+', 'prev_value': None, 'change': True}
2025-07-31 18:24:49,098 : EventManager : Event: ======'machine_var_platform_version'====== Args={'value': '#2 SMP PREEMPT Sun Jul 27 22:29:41 EDT 2025', 'prev_value': None, 'change': True}
2025-07-31 18:24:49,098 : EventManager : Event: ======'machine_var_platform_machine'====== Args={'value': 'aarch64', 'prev_value': None, 'change': True}
2025-07-31 18:24:49,098 : EventManager : Event: ======'machine_var_mc_version'====== Args={'value': 'MPF-MC v0.57.1', 'prev_value': None, 'change': True}
2025-07-31 18:24:49,100 : EventManager : Event: ======'machine_var_mc_extended_version'====== Args={'value': 'MPF-MC v0.57.1 (config_version=6, BCP v1.1,                      Requires MPF API compatibility v0.57.0 or newer)', 'prev_value': None, 'change': True}
2025-07-31 18:24:49,100 : EventManager : Event: ======'machine_var_credits_string'====== Args={'value': 'FREE PLAY', 'prev_value': None, 'change': True}
2025-07-31 18:24:49,101 : EventManager : Event: ======'machine_var_master_volume'====== Args={'value': 0.5, 'prev_value': None, 'change': True}
2025-07-31 18:24:49,101 : EventManager : Event: ======'machine_var_mpf_version'====== Args={'value': 'Mission Pinball Framework v0.57.3', 'prev_value': None, 'change': True}
2025-07-31 18:24:49,102 : EventManager : Event: ======'machine_var_mpf_extended_version'====== Args={'value': 'Mission Pinball Framework v0.57.3, Config version:6, Show version: 6, BCP version:1.1', 'prev_value': None, 'change': True}
2025-07-31 18:24:49,102 : EventManager : Event: ======'machine_var_python_version'====== Args={'value': '3.11.2', 'prev_value': None, 'change': True}
2025-07-31 18:24:49,102 : EventManager : Event: ======'machine_var_platform'====== Args={'value': 'Linux-6.12.40-v8+-aarch64-with-glibc2.36', 'prev_value': None, 'change': True}
2025-07-31 18:24:49,102 : EventManager : Event: ======'machine_var_platform_system'====== Args={'value': 'Linux', 'prev_value': None, 'change': True}
2025-07-31 18:24:49,103 : EventManager : Event: ======'machine_var_platform_release'====== Args={'value': '6.12.40-v8+', 'prev_value': None, 'change': True}
2025-07-31 18:24:49,103 : EventManager : Event: ======'machine_var_platform_version'====== Args={'value': '#2 SMP PREEMPT Sun Jul 27 22:29:41 EDT 2025', 'prev_value': None, 'change': True}
2025-07-31 18:24:49,103 : EventManager : Event: ======'machine_var_platform_machine'====== Args={'value': 'aarch64', 'prev_value': None, 'change': True}
2025-07-31 18:24:49,103 : EventManager : Event: ======'machine_var_mc_version'====== Args={'value': 'MPF-MC v0.57.1', 'prev_value': None, 'change': True}
2025-07-31 18:24:49,103 : EventManager : Event: ======'machine_var_mc_extended_version'====== Args={'value': 'MPF-MC v0.57.1 (config_version=6, BCP v1.1,                      Requires MPF API compatibility v0.57.0 or newer)', 'prev_value': None, 'change': True}
2025-07-31 18:24:49,103 : EventManager : Event: ======'machine_var_credits_string'====== Args={'value': 'FREE PLAY', 'prev_value': None, 'change': True}
2025-07-31 18:24:49,104 : EventManager : Event: ======'machine_var_master_volume'====== Args={'value': 0.5, 'prev_value': None, 'change': True}
2025-07-31 18:24:49,104 : EventManager : Event: ======'machine_var_mpf_version'====== Args={'value': 'Mission Pinball Framework v0.57.3', 'prev_value': None, 'change': True}
2025-07-31 18:24:49,104 : EventManager : Event: ======'machine_var_mpf_extended_version'====== Args={'value': 'Mission Pinball Framework v0.57.3, Config version:6, Show version: 6, BCP version:1.1', 'prev_value': None, 'change': True}
2025-07-31 18:24:49,104 : EventManager : Event: ======'machine_var_python_version'====== Args={'value': '3.11.2', 'prev_value': None, 'change': True}
2025-07-31 18:24:49,104 : EventManager : Event: ======'machine_var_platform'====== Args={'value': 'Linux-6.12.40-v8+-aarch64-with-glibc2.36', 'prev_value': None, 'change': True}
2025-07-31 18:24:49,104 : EventManager : Event: ======'machine_var_platform_system'====== Args={'value': 'Linux', 'prev_value': None, 'change': True}
2025-07-31 18:24:49,104 : EventManager : Event: ======'machine_var_platform_release'====== Args={'value': '6.12.40-v8+', 'prev_value': None, 'change': True}
2025-07-31 18:24:49,105 : EventManager : Event: ======'machine_var_platform_version'====== Args={'value': '#2 SMP PREEMPT Sun Jul 27 22:29:41 EDT 2025', 'prev_value': None, 'change': True}
2025-07-31 18:24:49,105 : EventManager : Event: ======'machine_var_platform_machine'====== Args={'value': 'aarch64', 'prev_value': None, 'change': True}
2025-07-31 18:24:49,105 : EventManager : Event: ======'machine_var_mc_version'====== Args={'value': 'MPF-MC v0.57.1', 'prev_value': None, 'change': True}
2025-07-31 18:24:49,105 : EventManager : Event: ======'machine_var_mc_extended_version'====== Args={'value': 'MPF-MC v0.57.1 (config_version=6, BCP v1.1,                      Requires MPF API compatibility v0.57.0 or newer)', 'prev_value': None, 'change': True}
2025-07-31 18:24:49,105 : SoundSystem : Setting master volume to 0.5
2025-07-31 18:24:49,105 : SoundSystem : Setting master volume to 0.5
2025-07-31 18:24:49,105 : SoundSystem : Setting master volume to 0.5
2025-07-31 18:24:49,106 : SoundSystem : Setting master volume to 0.5
2025-07-31 18:24:49,143 : EventManager : Event: ======'machine_var_audits_switches_s_start'====== Args={'value': 0, 'prev_value': None, 'change': True}
2025-07-31 18:24:49,144 : EventManager : Event: ======'machine_var_audits_events_game_started'====== Args={'value': 0, 'prev_value': None, 'change': True}
2025-07-31 18:24:49,144 : EventManager : Event: ======'machine_var_audits_events_game_ended'====== Args={'value': 0, 'prev_value': None, 'change': True}
2025-07-31 18:24:49,144 : EventManager : Event: ======'machine_var_audits_player_score'====== Args={'value': {'top': [], 'average': 0, 'total': 0}, 'prev_value': None, 'change': True}
2025-07-31 18:24:49,144 : EventManager : Event: ======'mc_reset_phase_1'====== Args={}
2025-07-31 18:24:49,144 : EventManager : Event: ======'mc_reset_phase_2'====== Args={}
2025-07-31 18:24:49,144 : EventManager : Event: ======'mc_reset_phase_3'====== Args={}
2025-07-31 18:24:49,144 : EventManager : Event: ======'mc_reset_complete'====== Args={}
2025-07-31 18:24:59,488 : kivy : Base: Leaving application in progress...
2025-07-31 18:24:59,488 : mpfmc : Stopping...
2025-07-31 18:24:59,488 : EventManager : Event: ======'shutdown'====== Args={}
2025-07-31 18:24:59,489 : AudioInterface : Disabling audio playback
2025-07-31 18:24:59,584 : mpfmc : Loop rate 78.19 Hz
2025-07-31 18:24:59,584 : root : MC run loop ended.
2025-07-31 18:24:59,585 : root : Stopping child threads... (3 remaining)
2025-07-31 18:25:00,280 : mpfmc : Stopping...
2025-07-31 18:25:00,280 : EventManager : Event: ======'shutdown'====== Args={}
2025-07-31 18:25:00,280 : mpfmc : Loop rate 73.43 Hz
2025-07-31 18:25:00,291 : MPF-MC BCP Server : Stopping BCP sending thread
2025-07-31 18:25:00,386 : root : All child threads stopped.
